[ 2015-05-20T19:15:30+08:00 ] 113.97.145.71 /index.php?s=/Product/Index/Index/category/0.html
INFO: [ app_init ] --START--
INFO: Run Behavior\BuildLiteBehavior [ RunTime:0.000018s ]
INFO: [ app_init ] --END-- [ RunTime:0.000284s ]
INFO: [ app_begin ] --START--
INFO: Run Behavior\ReadHtmlCacheBehavior [ RunTime:0.000334s ]
SQL: SHOW COLUMNS FROM `v_option` [ RunTime:0.0007s ]
SQL: SELECT `meta_value` FROM `v_option` WHERE `meta_key` = 'EMAIL' AND `type` = 'other' LIMIT 1   [ RunTime:0.0001s ]
SQL: SELECT `meta_value` FROM `v_option` WHERE `lang` = 'zh' AND `meta_key` = 'MOBILE' AND `type` = 'other' LIMIT 1   [ RunTime:0.0001s ]
SQL: SELECT `meta_value` FROM `v_option` WHERE `meta_key` = 'PHONE' AND `type` = 'other' LIMIT 1   [ RunTime:0.0001s ]
SQL: SELECT `meta_value` FROM `v_option` WHERE `lang` = 'zh' AND `meta_key` = 'ABOUT' AND `type` = 'index' LIMIT 1   [ RunTime:0.0001s ]
INFO: Run Behavior\CheckLangBehavior [ RunTime:0.008688s ]
INFO: [ app_begin ] --END-- [ RunTime:0.009110s ]
SQL: SHOW COLUMNS FROM `v_product` [ RunTime:0.0005s ]
SQL: SELECT `meta_value` FROM `v_option` WHERE ( meta_key='site_url' ) LIMIT 1   [ RunTime:0.0001s ]
SQL: SELECT COUNT(*) AS tp_count FROM `v_product` WHERE `lang` LIKE 'zh' LIMIT 1   [ RunTime:0.0001s ]
NOTIC: [8] Undefined index: p /home/xiongjiang/www/App/Product/Controller/IndexController.class.php 第 58 行.
SQL: SELECT * FROM `v_product` WHERE `lang` LIKE 'zh' ORDER BY `id` desc LIMIT 0,12   [ RunTime:0.0001s ]
SQL: SHOW COLUMNS FROM `v_product_category` [ RunTime:0.0005s ]
SQL: SELECT * FROM `v_product_category` WHERE `lang` = 'zh'  [ RunTime:0.0001s ]
SQL: SELECT `meta_value` FROM `v_option` WHERE (  meta_key='site_name' ) AND `lang` = 'zh' LIMIT 1   [ RunTime:0.0001s ]
SQL: SELECT * FROM `v_option` WHERE `meta_key` = 'meta' AND `lang` = 'zh'  [ RunTime:0.0001s ]
SQL: SELECT `meta_value` FROM `v_option` WHERE ( meta_key='site_url' ) LIMIT 1   [ RunTime:0.0001s ]
SQL: SELECT `meta_value` FROM `v_option` WHERE ( meta_key='site_url' ) LIMIT 1   [ RunTime:0.0001s ]
SQL: SELECT `meta_value` FROM `v_option` WHERE ( meta_key='site_url' ) LIMIT 1   [ RunTime:0.0001s ]
SQL: SELECT `meta_value` FROM `v_option` WHERE ( meta_key='site_url' ) LIMIT 1   [ RunTime:0.0001s ]
SQL: SELECT `meta_value` FROM `v_option` WHERE ( meta_key='site_url' ) LIMIT 1   [ RunTime:0.0001s ]
SQL: SELECT `meta_value` FROM `v_option` WHERE ( meta_key='site_url' ) LIMIT 1   [ RunTime:0.0001s ]
SQL: SELECT `meta_value` FROM `v_option` WHERE ( meta_key='site_url' ) LIMIT 1   [ RunTime:0.0001s ]
SQL: SELECT `meta_value` FROM `v_option` WHERE ( meta_key='site_url' ) LIMIT 1   [ RunTime:0.0001s ]
SQL: SELECT * FROM `v_product_category` WHERE `lang` = 'zh'  [ RunTime:0.0001s ]
SQL: SHOW COLUMNS FROM `v_article_category` [ RunTime:0.0004s ]
SQL: SELECT * FROM `v_article_category` WHERE `lang` = 'zh'  [ RunTime:0.0001s ]
SQL: SELECT `meta_value` FROM `v_option` WHERE `meta_key` = 'QQ' AND `type` = 'other' LIMIT 1   [ RunTime:0.0001s ]
SQL: SELECT `meta_value` FROM `v_option` WHERE ( meta_key='site_url' ) LIMIT 1   [ RunTime:0.0001s ]
SQL: SELECT `meta_value` FROM `v_option` WHERE ( meta_key='site_url' ) LIMIT 1   [ RunTime:0.0001s ]
SQL: SELECT `meta_value` FROM `v_option` WHERE ( meta_key='site_url' ) LIMIT 1   [ RunTime:0.0001s ]
SQL: SHOW COLUMNS FROM `v_page` [ RunTime:0.0005s ]
SQL: SELECT `id` FROM `v_page` WHERE `lang` = 'zh' AND `callcode` = 'support' LIMIT 1   [ RunTime:0.0001s ]
SQL: SELECT * FROM `v_page` WHERE `lang` = 'zh' AND `sub_id` = '11'  [ RunTime:0.0002s ]
SQL: SELECT `id` FROM `v_page` WHERE `lang` = 'zh' AND `callcode` = 'channel' LIMIT 1   [ RunTime:0.0001s ]
SQL: SELECT * FROM `v_page` WHERE `lang` = 'zh' AND `sub_id` = '10'  [ RunTime:0.0001s ]
SQL: SELECT `id` FROM `v_page` WHERE `lang` = 'zh' AND `callcode` = 'about' LIMIT 1   [ RunTime:0.0001s ]
SQL: SELECT * FROM `v_page` WHERE `lang` = 'zh' AND `sub_id` = '13'  [ RunTime:0.0001s ]
SQL: SELECT `meta_value` FROM `v_option` WHERE ( meta_key='site_url' ) LIMIT 1   [ RunTime:0.0001s ]
SQL: SELECT `meta_value` FROM `v_option` WHERE ( meta_key='site_url' ) LIMIT 1   [ RunTime:0.0001s ]
SQL: SELECT `meta_value` FROM `v_option` WHERE ( meta_key='site_url' ) LIMIT 1   [ RunTime:0.0001s ]
SQL: SELECT `meta_value` FROM `v_option` WHERE ( meta_key='site_url' ) LIMIT 1   [ RunTime:0.0001s ]
INFO: [ view_filter ] --START--
INFO: Run Behavior\WriteHtmlCacheBehavior [ RunTime:0.000144s ]
INFO: [ view_filter ] --END-- [ RunTime:0.000214s ]
NOTIC: [8] Undefined index: id /home/xiongjiang/www/Theme/default/Product/index.php 第 4 行.
INFO: [ view_filter ] --START--
INFO: Run Behavior\WriteHtmlCacheBehavior [ RunTime:0.000012s ]
INFO: [ view_filter ] --END-- [ RunTime:-0.000451s ]
SQL: SELECT `meta_value` FROM `v_option` WHERE ( meta_key='site_url' ) LIMIT 1   [ RunTime:0.0001s ]
SQL: SELECT `meta_value` FROM `v_option` WHERE ( meta_key='site_url' ) LIMIT 1   [ RunTime:0.0001s ]
SQL: SELECT `meta_value` FROM `v_option` WHERE ( meta_key='site_url' ) LIMIT 1   [ RunTime:0.0001s ]
SQL: SELECT `meta_value` FROM `v_option` WHERE ( meta_key='site_url' ) LIMIT 1   [ RunTime:0.0001s ]
NOTIC: [8] Undefined index: id /home/xiongjiang/www/Theme/default/Public/ProductSiderbar.php 第 117 行.
NOTIC: [8] Undefined index: id /home/xiongjiang/www/Theme/default/Public/ProductSiderbar.php 第 117 行.
NOTIC: [8] Undefined index: id /home/xiongjiang/www/Theme/default/Public/ProductSiderbar.php 第 117 行.
NOTIC: [8] Undefined index: id /home/xiongjiang/www/Theme/default/Public/ProductSiderbar.php 第 117 行.
NOTIC: [8] Undefined index: id /home/xiongjiang/www/Theme/default/Public/ProductSiderbar.php 第 117 行.
NOTIC: [8] Undefined index: id /home/xiongjiang/www/Theme/default/Public/ProductSiderbar.php 第 117 行.
NOTIC: [8] Undefined index: id /home/xiongjiang/www/Theme/default/Public/ProductSiderbar.php 第 117 行.
NOTIC: [8] Undefined index: id /home/xiongjiang/www/Theme/default/Public/ProductSiderbar.php 第 117 行.
NOTIC: [8] Undefined index: id /home/xiongjiang/www/Theme/default/Public/ProductSiderbar.php 第 117 行.
NOTIC: [8] Undefined index: id /home/xiongjiang/www/Theme/default/Public/ProductSiderbar.php 第 117 行.
NOTIC: [8] Undefined index: id /home/xiongjiang/www/Theme/default/Public/ProductSiderbar.php 第 117 行.
NOTIC: [8] Undefined index: id /home/xiongjiang/www/Theme/default/Public/ProductSiderbar.php 第 125 行.
NOTIC: [8] Undefined index: id /home/xiongjiang/www/Theme/default/Public/ProductSiderbar.php 第 125 行.
NOTIC: [8] Undefined index: id /home/xiongjiang/www/Theme/default/Public/ProductSiderbar.php 第 125 行.
NOTIC: [8] Undefined index: id /home/xiongjiang/www/Theme/default/Public/ProductSiderbar.php 第 125 行.
NOTIC: [8] Undefined index: id /home/xiongjiang/www/Theme/default/Public/ProductSiderbar.php 第 125 行.
NOTIC: [8] Undefined index: id /home/xiongjiang/www/Theme/default/Public/ProductSiderbar.php 第 125 行.
NOTIC: [8] Undefined index: id /home/xiongjiang/www/Theme/default/Public/ProductSiderbar.php 第 136 行.
NOTIC: [8] Undefined index: id /home/xiongjiang/www/Theme/default/Public/ProductSiderbar.php 第 136 行.
NOTIC: [8] Undefined index: id /home/xiongjiang/www/Theme/default/Public/ProductSiderbar.php 第 136 行.
NOTIC: [8] Undefined index: id /home/xiongjiang/www/Theme/default/Public/ProductSiderbar.php 第 125 行.
NOTIC: [8] Undefined index: id /home/xiongjiang/www/Theme/default/Public/ProductSiderbar.php 第 125 行.
NOTIC: [8] Undefined index: id /home/xiongjiang/www/Theme/default/Public/ProductSiderbar.php 第 125 行.
NOTIC: [8] Undefined index: id /home/xiongjiang/www/Theme/default/Public/ProductSiderbar.php 第 125 行.
NOTIC: [8] Undefined index: id /home/xiongjiang/www/Theme/default/Public/ProductSiderbar.php 第 125 行.
NOTIC: [8] Undefined index: id /home/xiongjiang/www/Theme/default/Public/ProductSiderbar.php 第 125 行.
NOTIC: [8] Undefined index: id /home/xiongjiang/www/Theme/default/Public/ProductSiderbar.php 第 136 行.
NOTIC: [8] Undefined index: id /home/xiongjiang/www/Theme/default/Public/ProductSiderbar.php 第 136 行.
NOTIC: [8] Undefined index: id /home/xiongjiang/www/Theme/default/Public/ProductSiderbar.php 第 136 行.
NOTIC: [8] Undefined index: id /home/xiongjiang/www/Theme/default/Public/ProductSiderbar.php 第 125 行.
NOTIC: [8] Undefined index: id /home/xiongjiang/www/Theme/default/Public/ProductSiderbar.php 第 125 行.
NOTIC: [8] Undefined index: id /home/xiongjiang/www/Theme/default/Public/ProductSiderbar.php 第 125 行.
NOTIC: [8] Undefined index: id /home/xiongjiang/www/Theme/default/Public/ProductSiderbar.php 第 125 行.
NOTIC: [8] Undefined index: id /home/xiongjiang/www/Theme/default/Public/ProductSiderbar.php 第 136 行.
NOTIC: [8] Undefined index: id /home/xiongjiang/www/Theme/default/Public/ProductSiderbar.php 第 136 行.
NOTIC: [8] Undefined index: id /home/xiongjiang/www/Theme/default/Public/ProductSiderbar.php 第 125 行.
NOTIC: [8] Undefined index: id /home/xiongjiang/www/Theme/default/Public/ProductSiderbar.php 第 125 行.
NOTIC: [8] Undefined index: id /home/xiongjiang/www/Theme/default/Public/ProductSiderbar.php 第 125 行.
NOTIC: [8] Undefined index: id /home/xiongjiang/www/Theme/default/Public/ProductSiderbar.php 第 125 行.
NOTIC: [8] Undefined index: id /home/xiongjiang/www/Theme/default/Public/ProductSiderbar.php 第 125 行.
NOTIC: [8] Undefined index: id /home/xiongjiang/www/Theme/default/Public/ProductSiderbar.php 第 125 行.
NOTIC: [8] Undefined index: id /home/xiongjiang/www/Theme/default/Public/ProductSiderbar.php 第 136 行.
NOTIC: [8] Undefined index: id /home/xiongjiang/www/Theme/default/Public/ProductSiderbar.php 第 136 行.
NOTIC: [8] Undefined index: id /home/xiongjiang/www/Theme/default/Public/ProductSiderbar.php 第 136 行.
NOTIC: [8] Undefined index: id /home/xiongjiang/www/Theme/default/Public/ProductSiderbar.php 第 160 行.
NOTIC: [8] Undefined index: id /home/xiongjiang/www/Theme/default/Public/ProductSiderbar.php 第 160 行.
NOTIC: [8] Undefined index: id /home/xiongjiang/www/Theme/default/Public/ProductSiderbar.php 第 160 行.
NOTIC: [8] Undefined index: id /home/xiongjiang/www/Theme/default/Public/ProductSiderbar.php 第 160 行.
NOTIC: [8] Undefined index: id /home/xiongjiang/www/Theme/default/Public/ProductSiderbar.php 第 160 行.
NOTIC: [8] Undefined index: id /home/xiongjiang/www/Theme/default/Public/ProductSiderbar.php 第 160 行.
NOTIC: [8] Undefined index: id /home/xiongjiang/www/Theme/default/Public/ProductSiderbar.php 第 160 行.
NOTIC: [8] Undefined index: id /home/xiongjiang/www/Theme/default/Public/ProductSiderbar.php 第 160 行.
NOTIC: [8] Undefined index: id /home/xiongjiang/www/Theme/default/Public/ProductSiderbar.php 第 160 行.
NOTIC: [8] Undefined index: id /home/xiongjiang/www/Theme/default/Public/ProductSiderbar.php 第 160 行.
NOTIC: [8] Undefined index: id /home/xiongjiang/www/Theme/default/Public/ProductSiderbar.php 第 160 行.
SQL: SELECT `meta_value` FROM `v_option` WHERE ( meta_key='site_url' ) LIMIT 1   [ RunTime:0.0001s ]
INFO: [ view_filter ] --START--
INFO: Run Behavior\WriteHtmlCacheBehavior [ RunTime:0.000012s ]
INFO: [ view_filter ] --END-- [ RunTime:-0.005252s ]
NOTIC: [8] Undefined index: id /home/xiongjiang/www/Theme/default/Product/index.php 第 75 行.
NOTIC: [8] Undefined index: id /home/xiongjiang/www/Theme/default/Product/index.php 第 87 行.
NOTIC: [8] Undefined index: id /home/xiongjiang/www/Theme/default/Product/index.php 第 94 行.
SQL: SELECT `meta_value` FROM `v_option` WHERE ( meta_key='site_url' ) LIMIT 1   [ RunTime:0.0001s ]
INFO: [ view_filter ] --START--
INFO: Run Behavior\WriteHtmlCacheBehavior [ RunTime:0.000012s ]
INFO: [ view_filter ] --END-- [ RunTime:-0.006292s ]
INFO: [ view_filter ] --START--
INFO: Run Behavior\WriteHtmlCacheBehavior [ RunTime:0.000010s ]
INFO: [ view_filter ] --END-- [ RunTime:-0.006398s ]
INFO: [ app_end ] --START--
INFO: Run Behavior\ShowPageTraceBehavior [ RunTime:0.000346s ]
INFO: [ app_end ] --END-- [ RunTime:0.000408s ]

[ 2015-05-20T19:29:00+08:00 ] 180.153.214.199 /index.php?s=/Product/Index/Index/category/0.html
INFO: [ app_init ] --START--
INFO: Run Behavior\BuildLiteBehavior [ RunTime:0.000015s ]
INFO: [ app_init ] --END-- [ RunTime:0.000266s ]
INFO: [ app_begin ] --START--
INFO: Run Behavior\ReadHtmlCacheBehavior [ RunTime:0.000384s ]
SQL: SHOW COLUMNS FROM `v_option` [ RunTime:0.0008s ]
SQL: SELECT `meta_value` FROM `v_option` WHERE `meta_key` = 'EMAIL' AND `type` = 'other' LIMIT 1   [ RunTime:0.0001s ]
SQL: SELECT `meta_value` FROM `v_option` WHERE `lang` = 'zh' AND `meta_key` = 'MOBILE' AND `type` = 'other' LIMIT 1   [ RunTime:0.0001s ]
SQL: SELECT `meta_value` FROM `v_option` WHERE `meta_key` = 'PHONE' AND `type` = 'other' LIMIT 1   [ RunTime:0.0001s ]
SQL: SELECT `meta_value` FROM `v_option` WHERE `lang` = 'zh' AND `meta_key` = 'ABOUT' AND `type` = 'index' LIMIT 1   [ RunTime:0.0001s ]
INFO: Run Behavior\CheckLangBehavior [ RunTime:0.010048s ]
INFO: [ app_begin ] --END-- [ RunTime:0.010537s ]
SQL: SHOW COLUMNS FROM `v_product` [ RunTime:0.0006s ]
SQL: SELECT `meta_value` FROM `v_option` WHERE ( meta_key='site_url' ) LIMIT 1   [ RunTime:0.0001s ]
SQL: SELECT COUNT(*) AS tp_count FROM `v_product` WHERE `lang` LIKE 'zh' LIMIT 1   [ RunTime:0.0001s ]
NOTIC: [8] Undefined index: p /home/xiongjiang/www/App/Product/Controller/IndexController.class.php 第 58 行.
SQL: SELECT * FROM `v_product` WHERE `lang` LIKE 'zh' ORDER BY `id` desc LIMIT 0,12   [ RunTime:0.0001s ]
SQL: SHOW COLUMNS FROM `v_product_category` [ RunTime:0.0005s ]
SQL: SELECT * FROM `v_product_category` WHERE `lang` = 'zh'  [ RunTime:0.0001s ]
SQL: SELECT `meta_value` FROM `v_option` WHERE (  meta_key='site_name' ) AND `lang` = 'zh' LIMIT 1   [ RunTime:0.0001s ]
SQL: SELECT * FROM `v_option` WHERE `meta_key` = 'meta' AND `lang` = 'zh'  [ RunTime:0.0001s ]
SQL: SELECT `meta_value` FROM `v_option` WHERE ( meta_key='site_url' ) LIMIT 1   [ RunTime:0.0001s ]
SQL: SELECT `meta_value` FROM `v_option` WHERE ( meta_key='site_url' ) LIMIT 1   [ RunTime:0.0001s ]
SQL: SELECT `meta_value` FROM `v_option` WHERE ( meta_key='site_url' ) LIMIT 1   [ RunTime:0.0001s ]
SQL: SELECT `meta_value` FROM `v_option` WHERE ( meta_key='site_url' ) LIMIT 1   [ RunTime:0.0001s ]
SQL: SELECT `meta_value` FROM `v_option` WHERE ( meta_key='site_url' ) LIMIT 1   [ RunTime:0.0001s ]
SQL: SELECT `meta_value` FROM `v_option` WHERE ( meta_key='site_url' ) LIMIT 1   [ RunTime:0.0001s ]
SQL: SELECT `meta_value` FROM `v_option` WHERE ( meta_key='site_url' ) LIMIT 1   [ RunTime:0.0001s ]
SQL: SELECT `meta_value` FROM `v_option` WHERE ( meta_key='site_url' ) LIMIT 1   [ RunTime:0.0001s ]
SQL: SELECT * FROM `v_product_category` WHERE `lang` = 'zh'  [ RunTime:0.0001s ]
SQL: SHOW COLUMNS FROM `v_article_category` [ RunTime:0.0005s ]
SQL: SELECT * FROM `v_article_category` WHERE `lang` = 'zh'  [ RunTime:0.0001s ]
SQL: SELECT `meta_value` FROM `v_option` WHERE `meta_key` = 'QQ' AND `type` = 'other' LIMIT 1   [ RunTime:0.0001s ]
SQL: SELECT `meta_value` FROM `v_option` WHERE ( meta_key='site_url' ) LIMIT 1   [ RunTime:0.0001s ]
SQL: SELECT `meta_value` FROM `v_option` WHERE ( meta_key='site_url' ) LIMIT 1   [ RunTime:0.0001s ]
SQL: SELECT `meta_value` FROM `v_option` WHERE ( meta_key='site_url' ) LIMIT 1   [ RunTime:0.0001s ]
SQL: SHOW COLUMNS FROM `v_page` [ RunTime:0.0005s ]
SQL: SELECT `id` FROM `v_page` WHERE `lang` = 'zh' AND `callcode` = 'support' LIMIT 1   [ RunTime:0.0001s ]
SQL: SELECT * FROM `v_page` WHERE `lang` = 'zh' AND `sub_id` = '11'  [ RunTime:0.0002s ]
SQL: SELECT `id` FROM `v_page` WHERE `lang` = 'zh' AND `callcode` = 'channel' LIMIT 1   [ RunTime:0.0001s ]
SQL: SELECT * FROM `v_page` WHERE `lang` = 'zh' AND `sub_id` = '10'  [ RunTime:0.0001s ]
SQL: SELECT `id` FROM `v_page` WHERE `lang` = 'zh' AND `callcode` = 'about' LIMIT 1   [ RunTime:0.0001s ]
SQL: SELECT * FROM `v_page` WHERE `lang` = 'zh' AND `sub_id` = '13'  [ RunTime:0.0001s ]
SQL: SELECT `meta_value` FROM `v_option` WHERE ( meta_key='site_url' ) LIMIT 1   [ RunTime:0.0001s ]
SQL: SELECT `meta_value` FROM `v_option` WHERE ( meta_key='site_url' ) LIMIT 1   [ RunTime:0.0001s ]
SQL: SELECT `meta_value` FROM `v_option` WHERE ( meta_key='site_url' ) LIMIT 1   [ RunTime:0.0001s ]
SQL: SELECT `meta_value` FROM `v_option` WHERE ( meta_key='site_url' ) LIMIT 1   [ RunTime:0.0001s ]
INFO: [ view_filter ] --START--
INFO: Run Behavior\WriteHtmlCacheBehavior [ RunTime:0.000135s ]
INFO: [ view_filter ] --END-- [ RunTime:0.000197s ]
NOTIC: [8] Undefined index: id /home/xiongjiang/www/Theme/default/Product/index.php 第 4 行.
INFO: [ view_filter ] --START--
INFO: Run Behavior\WriteHtmlCacheBehavior [ RunTime:0.000012s ]
INFO: [ view_filter ] --END-- [ RunTime:-0.000402s ]
SQL: SELECT `meta_value` FROM `v_option` WHERE ( meta_key='site_url' ) LIMIT 1   [ RunTime:0.0001s ]
SQL: SELECT `meta_value` FROM `v_option` WHERE ( meta_key='site_url' ) LIMIT 1   [ RunTime:0.0001s ]
SQL: SELECT `meta_value` FROM `v_option` WHERE ( meta_key='site_url' ) LIMIT 1   [ RunTime:0.0001s ]
SQL: SELECT `meta_value` FROM `v_option` WHERE ( meta_key='site_url' ) LIMIT 1   [ RunTime:0.0001s ]
NOTIC: [8] Undefined index: id /home/xiongjiang/www/Theme/default/Public/ProductSiderbar.php 第 117 行.
NOTIC: [8] Undefined index: id /home/xiongjiang/www/Theme/default/Public/ProductSiderbar.php 第 117 行.
NOTIC: [8] Undefined index: id /home/xiongjiang/www/Theme/default/Public/ProductSiderbar.php 第 117 行.
NOTIC: [8] Undefined index: id /home/xiongjiang/www/Theme/default/Public/ProductSiderbar.php 第 117 行.
NOTIC: [8] Undefined index: id /home/xiongjiang/www/Theme/default/Public/ProductSiderbar.php 第 117 行.
NOTIC: [8] Undefined index: id /home/xiongjiang/www/Theme/default/Public/ProductSiderbar.php 第 117 行.
NOTIC: [8] Undefined index: id /home/xiongjiang/www/Theme/default/Public/ProductSiderbar.php 第 117 行.
NOTIC: [8] Undefined index: id /home/xiongjiang/www/Theme/default/Public/ProductSiderbar.php 第 117 行.
NOTIC: [8] Undefined index: id /home/xiongjiang/www/Theme/default/Public/ProductSiderbar.php 第 117 行.
NOTIC: [8] Undefined index: id /home/xiongjiang/www/Theme/default/Public/ProductSiderbar.php 第 117 行.
NOTIC: [8] Undefined index: id /home/xiongjiang/www/Theme/default/Public/ProductSiderbar.php 第 117 行.
NOTIC: [8] Undefined index: id /home/xiongjiang/www/Theme/default/Public/ProductSiderbar.php 第 125 行.
NOTIC: [8] Undefined index: id /home/xiongjiang/www/Theme/default/Public/ProductSiderbar.php 第 125 行.
NOTIC: [8] Undefined index: id /home/xiongjiang/www/Theme/default/Public/ProductSiderbar.php 第 125 行.
NOTIC: [8] Undefined index: id /home/xiongjiang/www/Theme/default/Public/ProductSiderbar.php 第 125 行.
NOTIC: [8] Undefined index: id /home/xiongjiang/www/Theme/default/Public/ProductSiderbar.php 第 125 行.
NOTIC: [8] Undefined index: id /home/xiongjiang/www/Theme/default/Public/ProductSiderbar.php 第 125 行.
NOTIC: [8] Undefined index: id /home/xiongjiang/www/Theme/default/Public/ProductSiderbar.php 第 136 行.
NOTIC: [8] Undefined index: id /home/xiongjiang/www/Theme/default/Public/ProductSiderbar.php 第 136 行.
NOTIC: [8] Undefined index: id /home/xiongjiang/www/Theme/default/Public/ProductSiderbar.php 第 136 行.
NOTIC: [8] Undefined index: id /home/xiongjiang/www/Theme/default/Public/ProductSiderbar.php 第 125 行.
NOTIC: [8] Undefined index: id /home/xiongjiang/www/Theme/default/Public/ProductSiderbar.php 第 125 行.
NOTIC: [8] Undefined index: id /home/xiongjiang/www/Theme/default/Public/ProductSiderbar.php 第 125 行.
NOTIC: [8] Undefined index: id /home/xiongjiang/www/Theme/default/Public/ProductSiderbar.php 第 125 行.
NOTIC: [8] Undefined index: id /home/xiongjiang/www/Theme/default/Public/ProductSiderbar.php 第 125 行.
NOTIC: [8] Undefined index: id /home/xiongjiang/www/Theme/default/Public/ProductSiderbar.php 第 125 行.
NOTIC: [8] Undefined index: id /home/xiongjiang/www/Theme/default/Public/ProductSiderbar.php 第 136 行.
NOTIC: [8] Undefined index: id /home/xiongjiang/www/Theme/default/Public/ProductSiderbar.php 第 136 行.
NOTIC: [8] Undefined index: id /home/xiongjiang/www/Theme/default/Public/ProductSiderbar.php 第 136 行.
NOTIC: [8] Undefined index: id /home/xiongjiang/www/Theme/default/Public/ProductSiderbar.php 第 125 行.
NOTIC: [8] Undefined index: id /home/xiongjiang/www/Theme/default/Public/ProductSiderbar.php 第 125 行.
NOTIC: [8] Undefined index: id /home/xiongjiang/www/Theme/default/Public/ProductSiderbar.php 第 125 行.
NOTIC: [8] Undefined index: id /home/xiongjiang/www/Theme/default/Public/ProductSiderbar.php 第 125 行.
NOTIC: [8] Undefined index: id /home/xiongjiang/www/Theme/default/Public/ProductSiderbar.php 第 136 行.
NOTIC: [8] Undefined index: id /home/xiongjiang/www/Theme/default/Public/ProductSiderbar.php 第 136 行.
NOTIC: [8] Undefined index: id /home/xiongjiang/www/Theme/default/Public/ProductSiderbar.php 第 125 行.
NOTIC: [8] Undefined index: id /home/xiongjiang/www/Theme/default/Public/ProductSiderbar.php 第 125 行.
NOTIC: [8] Undefined index: id /home/xiongjiang/www/Theme/default/Public/ProductSiderbar.php 第 125 行.
NOTIC: [8] Undefined index: id /home/xiongjiang/www/Theme/default/Public/ProductSiderbar.php 第 125 行.
NOTIC: [8] Undefined index: id /home/xiongjiang/www/Theme/default/Public/ProductSiderbar.php 第 125 行.
NOTIC: [8] Undefined index: id /home/xiongjiang/www/Theme/default/Public/ProductSiderbar.php 第 125 行.
NOTIC: [8] Undefined index: id /home/xiongjiang/www/Theme/default/Public/ProductSiderbar.php 第 136 行.
NOTIC: [8] Undefined index: id /home/xiongjiang/www/Theme/default/Public/ProductSiderbar.php 第 136 行.
NOTIC: [8] Undefined index: id /home/xiongjiang/www/Theme/default/Public/ProductSiderbar.php 第 136 行.
NOTIC: [8] Undefined index: id /home/xiongjiang/www/Theme/default/Public/ProductSiderbar.php 第 160 行.
NOTIC: [8] Undefined index: id /home/xiongjiang/www/Theme/default/Public/ProductSiderbar.php 第 160 行.
NOTIC: [8] Undefined index: id /home/xiongjiang/www/Theme/default/Public/ProductSiderbar.php 第 160 行.
NOTIC: [8] Undefined index: id /home/xiongjiang/www/Theme/default/Public/ProductSiderbar.php 第 160 行.
NOTIC: [8] Undefined index: id /home/xiongjiang/www/Theme/default/Public/ProductSiderbar.php 第 160 行.
NOTIC: [8] Undefined index: id /home/xiongjiang/www/Theme/default/Public/ProductSiderbar.php 第 160 行.
NOTIC: [8] Undefined index: id /home/xiongjiang/www/Theme/default/Public/ProductSiderbar.php 第 160 行.
NOTIC: [8] Undefined index: id /home/xiongjiang/www/Theme/default/Public/ProductSiderbar.php 第 160 行.
NOTIC: [8] Undefined index: id /home/xiongjiang/www/Theme/default/Public/ProductSiderbar.php 第 160 行.
NOTIC: [8] Undefined index: id /home/xiongjiang/www/Theme/default/Public/ProductSiderbar.php 第 160 行.
NOTIC: [8] Undefined index: id /home/xiongjiang/www/Theme/default/Public/ProductSiderbar.php 第 160 行.
SQL: SELECT `meta_value` FROM `v_option` WHERE ( meta_key='site_url' ) LIMIT 1   [ RunTime:0.0001s ]
INFO: [ view_filter ] --START--
INFO: Run Behavior\WriteHtmlCacheBehavior [ RunTime:0.000012s ]
INFO: [ view_filter ] --END-- [ RunTime:-0.004298s ]
NOTIC: [8] Undefined index: id /home/xiongjiang/www/Theme/default/Product/index.php 第 75 行.
NOTIC: [8] Undefined index: id /home/xiongjiang/www/Theme/default/Product/index.php 第 87 行.
NOTIC: [8] Undefined index: id /home/xiongjiang/www/Theme/default/Product/index.php 第 94 行.
SQL: SELECT `meta_value` FROM `v_option` WHERE ( meta_key='site_url' ) LIMIT 1   [ RunTime:0.0001s ]
INFO: [ view_filter ] --START--
INFO: Run Behavior\WriteHtmlCacheBehavior [ RunTime:0.000012s ]
INFO: [ view_filter ] --END-- [ RunTime:-0.004996s ]
INFO: [ view_filter ] --START--
INFO: Run Behavior\WriteHtmlCacheBehavior [ RunTime:0.000010s ]
INFO: [ view_filter ] --END-- [ RunTime:-0.005100s ]
INFO: [ app_end ] --START--
INFO: Run Behavior\ShowPageTraceBehavior [ RunTime:0.000347s ]
INFO: [ app_end ] --END-- [ RunTime:0.000407s ]

[ 2015-05-20T22:39:34+08:00 ] 112.95.116.194 /index.php?s=/Product/Index/Index/category/2.html
INFO: [ app_init ] --START--
INFO: Run Behavior\BuildLiteBehavior [ RunTime:0.000015s ]
INFO: [ app_init ] --END-- [ RunTime:0.000372s ]
INFO: [ app_begin ] --START--
INFO: Run Behavior\ReadHtmlCacheBehavior [ RunTime:0.000413s ]
SQL: SHOW COLUMNS FROM `v_option` [ RunTime:0.0007s ]
SQL: SELECT `meta_value` FROM `v_option` WHERE `meta_key` = 'EMAIL' AND `type` = 'other' LIMIT 1   [ RunTime:0.0001s ]
SQL: SELECT `meta_value` FROM `v_option` WHERE `lang` = 'zh' AND `meta_key` = 'MOBILE' AND `type` = 'other' LIMIT 1   [ RunTime:0.0001s ]
SQL: SELECT `meta_value` FROM `v_option` WHERE `meta_key` = 'PHONE' AND `type` = 'other' LIMIT 1   [ RunTime:0.0001s ]
SQL: SELECT `meta_value` FROM `v_option` WHERE `lang` = 'zh' AND `meta_key` = 'ABOUT' AND `type` = 'index' LIMIT 1   [ RunTime:0.0001s ]
INFO: Run Behavior\CheckLangBehavior [ RunTime:0.010554s ]
INFO: [ app_begin ] --END-- [ RunTime:0.011087s ]
SQL: SHOW COLUMNS FROM `v_product` [ RunTime:0.0005s ]
SQL: SHOW COLUMNS FROM `v_product_category` [ RunTime:0.0004s ]
SQL: SELECT * FROM `v_product_category` WHERE `lang` = 'zh' AND `id` = 2  [ RunTime:0.0001s ]
SQL: SELECT * FROM `v_product_category` WHERE `lang` = 'zh' AND `sub_id` = '2'  [ RunTime:0.0001s ]
SQL: SELECT COUNT(*) AS tp_count FROM `v_product` WHERE `lang` LIKE 'zh' AND `category_id` IN ('5','6','7') LIMIT 1   [ RunTime:0.0001s ]
NOTIC: [8] Undefined index: p /home/xiongjiang/www/App/Product/Controller/IndexController.class.php 第 58 行.
SQL: SELECT * FROM `v_product` WHERE `lang` LIKE 'zh' AND `category_id` IN ('5','6','7') ORDER BY `id` desc LIMIT 0,12   [ RunTime:0.0001s ]
SQL: SELECT * FROM `v_product_category` WHERE `lang` = 'zh'  [ RunTime:0.0001s ]
SQL: SELECT `meta_value` FROM `v_option` WHERE (  meta_key='site_name' ) AND `lang` = 'zh' LIMIT 1   [ RunTime:0.0001s ]
SQL: SELECT * FROM `v_option` WHERE `meta_key` = 'meta' AND `lang` = 'zh'  [ RunTime:0.0001s ]
SQL: SELECT `meta_value` FROM `v_option` WHERE ( meta_key='site_url' ) LIMIT 1   [ RunTime:0.0001s ]
SQL: SELECT `meta_value` FROM `v_option` WHERE ( meta_key='site_url' ) LIMIT 1   [ RunTime:0.0001s ]
SQL: SELECT `meta_value` FROM `v_option` WHERE ( meta_key='site_url' ) LIMIT 1   [ RunTime:0.0001s ]
SQL: SELECT `meta_value` FROM `v_option` WHERE ( meta_key='site_url' ) LIMIT 1   [ RunTime:0.0001s ]
SQL: SELECT `meta_value` FROM `v_option` WHERE ( meta_key='site_url' ) LIMIT 1   [ RunTime:0.0001s ]
SQL: SELECT `meta_value` FROM `v_option` WHERE ( meta_key='site_url' ) LIMIT 1   [ RunTime:0.0001s ]
SQL: SELECT `meta_value` FROM `v_option` WHERE ( meta_key='site_url' ) LIMIT 1   [ RunTime:0.0001s ]
SQL: SELECT `meta_value` FROM `v_option` WHERE ( meta_key='site_url' ) LIMIT 1   [ RunTime:0.0001s ]
SQL: SELECT * FROM `v_product_category` WHERE `lang` = 'zh'  [ RunTime:0.0001s ]
SQL: SHOW COLUMNS FROM `v_article_category` [ RunTime:0.0004s ]
SQL: SELECT * FROM `v_article_category` WHERE `lang` = 'zh'  [ RunTime:0.0001s ]
SQL: SELECT `meta_value` FROM `v_option` WHERE `meta_key` = 'QQ' AND `type` = 'other' LIMIT 1   [ RunTime:0.0001s ]
SQL: SELECT `meta_value` FROM `v_option` WHERE ( meta_key='site_url' ) LIMIT 1   [ RunTime:0.0001s ]
SQL: SELECT `meta_value` FROM `v_option` WHERE ( meta_key='site_url' ) LIMIT 1   [ RunTime:0.0001s ]
SQL: SELECT `meta_value` FROM `v_option` WHERE ( meta_key='site_url' ) LIMIT 1   [ RunTime:0.0001s ]
SQL: SHOW COLUMNS FROM `v_page` [ RunTime:0.0005s ]
SQL: SELECT `id` FROM `v_page` WHERE `lang` = 'zh' AND `callcode` = 'support' LIMIT 1   [ RunTime:0.0001s ]
SQL: SELECT * FROM `v_page` WHERE `lang` = 'zh' AND `sub_id` = '11'  [ RunTime:0.0002s ]
SQL: SELECT `id` FROM `v_page` WHERE `lang` = 'zh' AND `callcode` = 'channel' LIMIT 1   [ RunTime:0.0001s ]
SQL: SELECT * FROM `v_page` WHERE `lang` = 'zh' AND `sub_id` = '10'  [ RunTime:0.0001s ]
SQL: SELECT `id` FROM `v_page` WHERE `lang` = 'zh' AND `callcode` = 'about' LIMIT 1   [ RunTime:0.0001s ]
SQL: SELECT * FROM `v_page` WHERE `lang` = 'zh' AND `sub_id` = '13'  [ RunTime:0.0001s ]
SQL: SELECT `meta_value` FROM `v_option` WHERE ( meta_key='site_url' ) LIMIT 1   [ RunTime:0.0001s ]
SQL: SELECT `meta_value` FROM `v_option` WHERE ( meta_key='site_url' ) LIMIT 1   [ RunTime:0.0001s ]
SQL: SELECT `meta_value` FROM `v_option` WHERE ( meta_key='site_url' ) LIMIT 1   [ RunTime:0.0001s ]
SQL: SELECT `meta_value` FROM `v_option` WHERE ( meta_key='site_url' ) LIMIT 1   [ RunTime:0.0001s ]
INFO: [ view_filter ] --START--
INFO: Run Behavior\WriteHtmlCacheBehavior [ RunTime:0.000192s ]
INFO: [ view_filter ] --END-- [ RunTime:0.000252s ]
INFO: [ view_filter ] --START--
INFO: Run Behavior\WriteHtmlCacheBehavior [ RunTime:0.000011s ]
INFO: [ view_filter ] --END-- [ RunTime:-0.000347s ]
SQL: SELECT `meta_value` FROM `v_option` WHERE ( meta_key='site_url' ) LIMIT 1   [ RunTime:0.0001s ]
SQL: SELECT `meta_value` FROM `v_option` WHERE ( meta_key='site_url' ) LIMIT 1   [ RunTime:0.0001s ]
SQL: SELECT `meta_value` FROM `v_option` WHERE ( meta_key='site_url' ) LIMIT 1   [ RunTime:0.0001s ]
SQL: SELECT `meta_value` FROM `v_option` WHERE ( meta_key='site_url' ) LIMIT 1   [ RunTime:0.0001s ]
SQL: SELECT `meta_value` FROM `v_option` WHERE ( meta_key='site_url' ) LIMIT 1   [ RunTime:0.0001s ]
INFO: [ view_filter ] --START--
INFO: Run Behavior\WriteHtmlCacheBehavior [ RunTime:0.000017s ]
INFO: [ view_filter ] --END-- [ RunTime:-0.003431s ]
NOTIC: [2] Invalid argument supplied for foreach() /home/xiongjiang/www/Theme/default/Product/index.php 第 37 行.
SQL: SELECT `meta_value` FROM `v_option` WHERE ( meta_key='site_url' ) LIMIT 1   [ RunTime:0.0001s ]
INFO: [ view_filter ] --START--
INFO: Run Behavior\WriteHtmlCacheBehavior [ RunTime:0.000016s ]
INFO: [ view_filter ] --END-- [ RunTime:-0.004059s ]
INFO: [ view_filter ] --START--
INFO: Run Behavior\WriteHtmlCacheBehavior [ RunTime:0.000011s ]
INFO: [ view_filter ] --END-- [ RunTime:-0.004220s ]
INFO: [ app_end ] --START--
INFO: Run Behavior\ShowPageTraceBehavior [ RunTime:0.000350s ]
INFO: [ app_end ] --END-- [ RunTime:0.000409s ]

[ 2015-05-20T22:58:41+08:00 ] 112.95.116.194 /index.php?s=/Product/Index/Index/category/0.html
INFO: [ app_init ] --START--
INFO: Run Behavior\BuildLiteBehavior [ RunTime:0.000014s ]
INFO: [ app_init ] --END-- [ RunTime:0.000276s ]
INFO: [ app_begin ] --START--
INFO: Run Behavior\ReadHtmlCacheBehavior [ RunTime:0.000324s ]
SQL: SHOW COLUMNS FROM `v_option` [ RunTime:0.0007s ]
SQL: SELECT `meta_value` FROM `v_option` WHERE `meta_key` = 'EMAIL' AND `type` = 'other' LIMIT 1   [ RunTime:0.0001s ]
SQL: SELECT `meta_value` FROM `v_option` WHERE `lang` = 'zh' AND `meta_key` = 'MOBILE' AND `type` = 'other' LIMIT 1   [ RunTime:0.0001s ]
SQL: SELECT `meta_value` FROM `v_option` WHERE `meta_key` = 'PHONE' AND `type` = 'other' LIMIT 1   [ RunTime:0.0001s ]
SQL: SELECT `meta_value` FROM `v_option` WHERE `lang` = 'zh' AND `meta_key` = 'ABOUT' AND `type` = 'index' LIMIT 1   [ RunTime:0.0001s ]
INFO: Run Behavior\CheckLangBehavior [ RunTime:0.009209s ]
INFO: [ app_begin ] --END-- [ RunTime:0.009625s ]
SQL: SHOW COLUMNS FROM `v_product` [ RunTime:0.0006s ]
SQL: SELECT `meta_value` FROM `v_option` WHERE ( meta_key='site_url' ) LIMIT 1   [ RunTime:0.0001s ]
SQL: SELECT COUNT(*) AS tp_count FROM `v_product` WHERE `lang` LIKE 'zh' LIMIT 1   [ RunTime:0.0001s ]
NOTIC: [8] Undefined index: p /home/xiongjiang/www/App/Product/Controller/IndexController.class.php 第 58 行.
SQL: SELECT * FROM `v_product` WHERE `lang` LIKE 'zh' ORDER BY `id` desc LIMIT 0,12   [ RunTime:0.0001s ]
SQL: SHOW COLUMNS FROM `v_product_category` [ RunTime:0.0004s ]
SQL: SELECT * FROM `v_product_category` WHERE `lang` = 'zh'  [ RunTime:0.0001s ]
SQL: SELECT `meta_value` FROM `v_option` WHERE (  meta_key='site_name' ) AND `lang` = 'zh' LIMIT 1   [ RunTime:0.0001s ]
SQL: SELECT * FROM `v_option` WHERE `meta_key` = 'meta' AND `lang` = 'zh'  [ RunTime:0.0001s ]
SQL: SELECT `meta_value` FROM `v_option` WHERE ( meta_key='site_url' ) LIMIT 1   [ RunTime:0.0001s ]
SQL: SELECT `meta_value` FROM `v_option` WHERE ( meta_key='site_url' ) LIMIT 1   [ RunTime:0.0001s ]
SQL: SELECT `meta_value` FROM `v_option` WHERE ( meta_key='site_url' ) LIMIT 1   [ RunTime:0.0001s ]
SQL: SELECT `meta_value` FROM `v_option` WHERE ( meta_key='site_url' ) LIMIT 1   [ RunTime:0.0001s ]
SQL: SELECT `meta_value` FROM `v_option` WHERE ( meta_key='site_url' ) LIMIT 1   [ RunTime:0.0001s ]
SQL: SELECT `meta_value` FROM `v_option` WHERE ( meta_key='site_url' ) LIMIT 1   [ RunTime:0.0001s ]
SQL: SELECT `meta_value` FROM `v_option` WHERE ( meta_key='site_url' ) LIMIT 1   [ RunTime:0.0001s ]
SQL: SELECT `meta_value` FROM `v_option` WHERE ( meta_key='site_url' ) LIMIT 1   [ RunTime:0.0001s ]
SQL: SELECT * FROM `v_product_category` WHERE `lang` = 'zh'  [ RunTime:0.0001s ]
SQL: SHOW COLUMNS FROM `v_article_category` [ RunTime:0.0005s ]
SQL: SELECT * FROM `v_article_category` WHERE `lang` = 'zh'  [ RunTime:0.0001s ]
SQL: SELECT `meta_value` FROM `v_option` WHERE `meta_key` = 'QQ' AND `type` = 'other' LIMIT 1   [ RunTime:0.0001s ]
SQL: SELECT `meta_value` FROM `v_option` WHERE ( meta_key='site_url' ) LIMIT 1   [ RunTime:0.0001s ]
SQL: SELECT `meta_value` FROM `v_option` WHERE ( meta_key='site_url' ) LIMIT 1   [ RunTime:0.0001s ]
SQL: SELECT `meta_value` FROM `v_option` WHERE ( meta_key='site_url' ) LIMIT 1   [ RunTime:0.0001s ]
SQL: SHOW COLUMNS FROM `v_page` [ RunTime:0.0005s ]
SQL: SELECT `id` FROM `v_page` WHERE `lang` = 'zh' AND `callcode` = 'support' LIMIT 1   [ RunTime:0.0001s ]
SQL: SELECT * FROM `v_page` WHERE `lang` = 'zh' AND `sub_id` = '11'  [ RunTime:0.0002s ]
SQL: SELECT `id` FROM `v_page` WHERE `lang` = 'zh' AND `callcode` = 'channel' LIMIT 1   [ RunTime:0.0001s ]
SQL: SELECT * FROM `v_page` WHERE `lang` = 'zh' AND `sub_id` = '10'  [ RunTime:0.0001s ]
SQL: SELECT `id` FROM `v_page` WHERE `lang` = 'zh' AND `callcode` = 'about' LIMIT 1   [ RunTime:0.0001s ]
SQL: SELECT * FROM `v_page` WHERE `lang` = 'zh' AND `sub_id` = '13'  [ RunTime:0.0001s ]
SQL: SELECT `meta_value` FROM `v_option` WHERE ( meta_key='site_url' ) LIMIT 1   [ RunTime:0.0001s ]
SQL: SELECT `meta_value` FROM `v_option` WHERE ( meta_key='site_url' ) LIMIT 1   [ RunTime:0.0001s ]
SQL: SELECT `meta_value` FROM `v_option` WHERE ( meta_key='site_url' ) LIMIT 1   [ RunTime:0.0001s ]
SQL: SELECT `meta_value` FROM `v_option` WHERE ( meta_key='site_url' ) LIMIT 1   [ RunTime:0.0001s ]
INFO: [ view_filter ] --START--
INFO: Run Behavior\WriteHtmlCacheBehavior [ RunTime:0.000125s ]
INFO: [ view_filter ] --END-- [ RunTime:0.000179s ]
NOTIC: [8] Undefined index: id /home/xiongjiang/www/Theme/default/Product/index.php 第 4 行.
INFO: [ view_filter ] --START--
INFO: Run Behavior\WriteHtmlCacheBehavior [ RunTime:0.000011s ]
INFO: [ view_filter ] --END-- [ RunTime:-0.000345s ]
SQL: SELECT `meta_value` FROM `v_option` WHERE ( meta_key='site_url' ) LIMIT 1   [ RunTime:0.0001s ]
SQL: SELECT `meta_value` FROM `v_option` WHERE ( meta_key='site_url' ) LIMIT 1   [ RunTime:0.0001s ]
SQL: SELECT `meta_value` FROM `v_option` WHERE ( meta_key='site_url' ) LIMIT 1   [ RunTime:0.0001s ]
SQL: SELECT `meta_value` FROM `v_option` WHERE ( meta_key='site_url' ) LIMIT 1   [ RunTime:0.0001s ]
NOTIC: [8] Undefined index: id /home/xiongjiang/www/Theme/default/Public/ProductSiderbar.php 第 117 行.
NOTIC: [8] Undefined index: id /home/xiongjiang/www/Theme/default/Public/ProductSiderbar.php 第 117 行.
NOTIC: [8] Undefined index: id /home/xiongjiang/www/Theme/default/Public/ProductSiderbar.php 第 117 行.
NOTIC: [8] Undefined index: id /home/xiongjiang/www/Theme/default/Public/ProductSiderbar.php 第 117 行.
NOTIC: [8] Undefined index: id /home/xiongjiang/www/Theme/default/Public/ProductSiderbar.php 第 117 行.
NOTIC: [8] Undefined index: id /home/xiongjiang/www/Theme/default/Public/ProductSiderbar.php 第 117 行.
NOTIC: [8] Undefined index: id /home/xiongjiang/www/Theme/default/Public/ProductSiderbar.php 第 117 行.
NOTIC: [8] Undefined index: id /home/xiongjiang/www/Theme/default/Public/ProductSiderbar.php 第 117 行.
NOTIC: [8] Undefined index: id /home/xiongjiang/www/Theme/default/Public/ProductSiderbar.php 第 117 行.
NOTIC: [8] Undefined index: id /home/xiongjiang/www/Theme/default/Public/ProductSiderbar.php 第 117 行.
NOTIC: [8] Undefined index: id /home/xiongjiang/www/Theme/default/Public/ProductSiderbar.php 第 117 行.
NOTIC: [8] Undefined index: id /home/xiongjiang/www/Theme/default/Public/ProductSiderbar.php 第 125 行.
NOTIC: [8] Undefined index: id /home/xiongjiang/www/Theme/default/Public/ProductSiderbar.php 第 125 行.
NOTIC: [8] Undefined index: id /home/xiongjiang/www/Theme/default/Public/ProductSiderbar.php 第 125 行.
NOTIC: [8] Undefined index: id /home/xiongjiang/www/Theme/default/Public/ProductSiderbar.php 第 125 行.
NOTIC: [8] Undefined index: id /home/xiongjiang/www/Theme/default/Public/ProductSiderbar.php 第 125 行.
NOTIC: [8] Undefined index: id /home/xiongjiang/www/Theme/default/Public/ProductSiderbar.php 第 125 行.
NOTIC: [8] Undefined index: id /home/xiongjiang/www/Theme/default/Public/ProductSiderbar.php 第 136 行.
NOTIC: [8] Undefined index: id /home/xiongjiang/www/Theme/default/Public/ProductSiderbar.php 第 136 行.
NOTIC: [8] Undefined index: id /home/xiongjiang/www/Theme/default/Public/ProductSiderbar.php 第 136 行.
NOTIC: [8] Undefined index: id /home/xiongjiang/www/Theme/default/Public/ProductSiderbar.php 第 125 行.
NOTIC: [8] Undefined index: id /home/xiongjiang/www/Theme/default/Public/ProductSiderbar.php 第 125 行.
NOTIC: [8] Undefined index: id /home/xiongjiang/www/Theme/default/Public/ProductSiderbar.php 第 125 行.
NOTIC: [8] Undefined index: id /home/xiongjiang/www/Theme/default/Public/ProductSiderbar.php 第 125 行.
NOTIC: [8] Undefined index: id /home/xiongjiang/www/Theme/default/Public/ProductSiderbar.php 第 125 行.
NOTIC: [8] Undefined index: id /home/xiongjiang/www/Theme/default/Public/ProductSiderbar.php 第 125 行.
NOTIC: [8] Undefined index: id /home/xiongjiang/www/Theme/default/Public/ProductSiderbar.php 第 136 行.
NOTIC: [8] Undefined index: id /home/xiongjiang/www/Theme/default/Public/ProductSiderbar.php 第 136 行.
NOTIC: [8] Undefined index: id /home/xiongjiang/www/Theme/default/Public/ProductSiderbar.php 第 136 行.
NOTIC: [8] Undefined index: id /home/xiongjiang/www/Theme/default/Public/ProductSiderbar.php 第 125 行.
NOTIC: [8] Undefined index: id /home/xiongjiang/www/Theme/default/Public/ProductSiderbar.php 第 125 行.
NOTIC: [8] Undefined index: id /home/xiongjiang/www/Theme/default/Public/ProductSiderbar.php 第 125 行.
NOTIC: [8] Undefined index: id /home/xiongjiang/www/Theme/default/Public/ProductSiderbar.php 第 125 行.
NOTIC: [8] Undefined index: id /home/xiongjiang/www/Theme/default/Public/ProductSiderbar.php 第 136 行.
NOTIC: [8] Undefined index: id /home/xiongjiang/www/Theme/default/Public/ProductSiderbar.php 第 136 行.
NOTIC: [8] Undefined index: id /home/xiongjiang/www/Theme/default/Public/ProductSiderbar.php 第 125 行.
NOTIC: [8] Undefined index: id /home/xiongjiang/www/Theme/default/Public/ProductSiderbar.php 第 125 行.
NOTIC: [8] Undefined index: id /home/xiongjiang/www/Theme/default/Public/ProductSiderbar.php 第 125 行.
NOTIC: [8] Undefined index: id /home/xiongjiang/www/Theme/default/Public/ProductSiderbar.php 第 125 行.
NOTIC: [8] Undefined index: id /home/xiongjiang/www/Theme/default/Public/ProductSiderbar.php 第 125 行.
NOTIC: [8] Undefined index: id /home/xiongjiang/www/Theme/default/Public/ProductSiderbar.php 第 125 行.
NOTIC: [8] Undefined index: id /home/xiongjiang/www/Theme/default/Public/ProductSiderbar.php 第 136 行.
NOTIC: [8] Undefined index: id /home/xiongjiang/www/Theme/default/Public/ProductSiderbar.php 第 136 行.
NOTIC: [8] Undefined index: id /home/xiongjiang/www/Theme/default/Public/ProductSiderbar.php 第 136 行.
NOTIC: [8] Undefined index: id /home/xiongjiang/www/Theme/default/Public/ProductSiderbar.php 第 160 行.
NOTIC: [8] Undefined index: id /home/xiongjiang/www/Theme/default/Public/ProductSiderbar.php 第 160 行.
NOTIC: [8] Undefined index: id /home/xiongjiang/www/Theme/default/Public/ProductSiderbar.php 第 160 行.
NOTIC: [8] Undefined index: id /home/xiongjiang/www/Theme/default/Public/ProductSiderbar.php 第 160 行.
NOTIC: [8] Undefined index: id /home/xiongjiang/www/Theme/default/Public/ProductSiderbar.php 第 160 行.
NOTIC: [8] Undefined index: id /home/xiongjiang/www/Theme/default/Public/ProductSiderbar.php 第 160 行.
NOTIC: [8] Undefined index: id /home/xiongjiang/www/Theme/default/Public/ProductSiderbar.php 第 160 行.
NOTIC: [8] Undefined index: id /home/xiongjiang/www/Theme/default/Public/ProductSiderbar.php 第 160 行.
NOTIC: [8] Undefined index: id /home/xiongjiang/www/Theme/default/Public/ProductSiderbar.php 第 160 行.
NOTIC: [8] Undefined index: id /home/xiongjiang/www/Theme/default/Public/ProductSiderbar.php 第 160 行.
NOTIC: [8] Undefined index: id /home/xiongjiang/www/Theme/default/Public/ProductSiderbar.php 第 160 行.
SQL: SELECT `meta_value` FROM `v_option` WHERE ( meta_key='site_url' ) LIMIT 1   [ RunTime:0.0001s ]
INFO: [ view_filter ] --START--
INFO: Run Behavior\WriteHtmlCacheBehavior [ RunTime:0.000011s ]
INFO: [ view_filter ] --END-- [ RunTime:-0.004895s ]
NOTIC: [8] Undefined index: id /home/xiongjiang/www/Theme/default/Product/index.php 第 75 行.
NOTIC: [8] Undefined index: id /home/xiongjiang/www/Theme/default/Product/index.php 第 87 行.
NOTIC: [8] Undefined index: id /home/xiongjiang/www/Theme/default/Product/index.php 第 94 行.
SQL: SELECT `meta_value` FROM `v_option` WHERE ( meta_key='site_url' ) LIMIT 1   [ RunTime:0.0001s ]
INFO: [ view_filter ] --START--
INFO: Run Behavior\WriteHtmlCacheBehavior [ RunTime:0.000012s ]
INFO: [ view_filter ] --END-- [ RunTime:-0.005622s ]
INFO: [ view_filter ] --START--
INFO: Run Behavior\WriteHtmlCacheBehavior [ RunTime:0.000011s ]
INFO: [ view_filter ] --END-- [ RunTime:-0.005725s ]
INFO: [ app_end ] --START--
INFO: Run Behavior\ShowPageTraceBehavior [ RunTime:0.000337s ]
INFO: [ app_end ] --END-- [ RunTime:0.000398s ]

[ 2015-05-20T22:59:23+08:00 ] 112.95.116.194 /index.php?s=/Product/Index/Index/category/0.html
INFO: [ app_init ] --START--
INFO: Run Behavior\BuildLiteBehavior [ RunTime:0.000015s ]
INFO: [ app_init ] --END-- [ RunTime:0.000273s ]
INFO: [ app_begin ] --START--
INFO: Run Behavior\ReadHtmlCacheBehavior [ RunTime:0.000331s ]
SQL: SHOW COLUMNS FROM `v_option` [ RunTime:0.0008s ]
SQL: SELECT `meta_value` FROM `v_option` WHERE `meta_key` = 'EMAIL' AND `type` = 'other' LIMIT 1   [ RunTime:0.0001s ]
SQL: SELECT `meta_value` FROM `v_option` WHERE `lang` = 'en' AND `meta_key` = 'MOBILE' AND `type` = 'other' LIMIT 1   [ RunTime:0.0001s ]
SQL: SELECT `meta_value` FROM `v_option` WHERE `meta_key` = 'PHONE' AND `type` = 'other' LIMIT 1   [ RunTime:0.0001s ]
SQL: SELECT `meta_value` FROM `v_option` WHERE `lang` = 'en' AND `meta_key` = 'ABOUT' AND `type` = 'index' LIMIT 1   [ RunTime:0.0001s ]
INFO: Run Behavior\CheckLangBehavior [ RunTime:0.009915s ]
INFO: [ app_begin ] --END-- [ RunTime:0.010356s ]
SQL: SHOW COLUMNS FROM `v_product` [ RunTime:0.0006s ]
SQL: SELECT `meta_value` FROM `v_option` WHERE ( meta_key='site_url' ) LIMIT 1   [ RunTime:0.0001s ]
SQL: SELECT COUNT(*) AS tp_count FROM `v_product` WHERE `lang` LIKE 'en' LIMIT 1   [ RunTime:0.0001s ]
NOTIC: [8] Undefined index: p /home/xiongjiang/www/App/Product/Controller/IndexController.class.php 第 58 行.
SQL: SELECT * FROM `v_product` WHERE `lang` LIKE 'en' ORDER BY `id` desc LIMIT 0,12   [ RunTime:0.0001s ]
SQL: SHOW COLUMNS FROM `v_product_category` [ RunTime:0.0005s ]
SQL: SELECT * FROM `v_product_category` WHERE `lang` = 'en'  [ RunTime:0.0001s ]
NOTIC: [2] Invalid argument supplied for foreach() /home/xiongjiang/www/App/Common/Common/function.php 第 184 行.
SQL: SELECT `meta_value` FROM `v_option` WHERE (  meta_key='site_name' ) AND `lang` = 'en' LIMIT 1   [ RunTime:0.0001s ]
SQL: SELECT * FROM `v_option` WHERE `meta_key` = 'meta' AND `lang` = 'en'  [ RunTime:0.0001s ]
SQL: SELECT `meta_value` FROM `v_option` WHERE ( meta_key='site_url' ) LIMIT 1   [ RunTime:0.0001s ]
SQL: SELECT `meta_value` FROM `v_option` WHERE ( meta_key='site_url' ) LIMIT 1   [ RunTime:0.0001s ]
SQL: SELECT `meta_value` FROM `v_option` WHERE ( meta_key='site_url' ) LIMIT 1   [ RunTime:0.0001s ]
SQL: SELECT `meta_value` FROM `v_option` WHERE ( meta_key='site_url' ) LIMIT 1   [ RunTime:0.0001s ]
SQL: SELECT `meta_value` FROM `v_option` WHERE ( meta_key='site_url' ) LIMIT 1   [ RunTime:0.0001s ]
SQL: SELECT `meta_value` FROM `v_option` WHERE ( meta_key='site_url' ) LIMIT 1   [ RunTime:0.0001s ]
SQL: SELECT `meta_value` FROM `v_option` WHERE ( meta_key='site_url' ) LIMIT 1   [ RunTime:0.0001s ]
SQL: SELECT `meta_value` FROM `v_option` WHERE ( meta_key='site_url' ) LIMIT 1   [ RunTime:0.0001s ]
SQL: SELECT * FROM `v_product_category` WHERE `lang` = 'en'  [ RunTime:0.0001s ]
NOTIC: [2] Invalid argument supplied for foreach() /home/xiongjiang/www/App/Common/Common/function.php 第 184 行.
SQL: SHOW COLUMNS FROM `v_article_category` [ RunTime:0.0004s ]
SQL: SELECT * FROM `v_article_category` WHERE `lang` = 'en'  [ RunTime:0.0001s ]
SQL: SELECT `meta_value` FROM `v_option` WHERE `meta_key` = 'QQ' AND `type` = 'other' LIMIT 1   [ RunTime:0.0001s ]
SQL: SELECT `meta_value` FROM `v_option` WHERE ( meta_key='site_url' ) LIMIT 1   [ RunTime:0.0001s ]
SQL: SELECT `meta_value` FROM `v_option` WHERE ( meta_key='site_url' ) LIMIT 1   [ RunTime:0.0001s ]
SQL: SELECT `meta_value` FROM `v_option` WHERE ( meta_key='site_url' ) LIMIT 1   [ RunTime:0.0001s ]
NOTIC: [2] Invalid argument supplied for foreach() /home/xiongjiang/www/Theme/default/Public/header.php 第 55 行.
NOTIC: [2] Invalid argument supplied for foreach() /home/xiongjiang/www/Theme/default/Public/header.php 第 72 行.
SQL: SHOW COLUMNS FROM `v_page` [ RunTime:0.0004s ]
SQL: SELECT `id` FROM `v_page` WHERE `lang` = 'en' AND `callcode` = 'support' LIMIT 1   [ RunTime:0.0001s ]
SQL: SELECT * FROM `v_page` WHERE `lang` = 'en' AND `sub_id` = null  [ RunTime:0.0001s ]
NOTIC: [2] Invalid argument supplied for foreach() /home/xiongjiang/www/Theme/default/Public/header.php 第 84 行.
SQL: SELECT `id` FROM `v_page` WHERE `lang` = 'en' AND `callcode` = 'channel' LIMIT 1   [ RunTime:0.0001s ]
SQL: SELECT * FROM `v_page` WHERE `lang` = 'en' AND `sub_id` = null  [ RunTime:0.0001s ]
NOTIC: [2] Invalid argument supplied for foreach() /home/xiongjiang/www/Theme/default/Public/header.php 第 97 行.
SQL: SELECT `id` FROM `v_page` WHERE `lang` = 'en' AND `callcode` = 'about' LIMIT 1   [ RunTime:0.0001s ]
SQL: SELECT * FROM `v_page` WHERE `lang` = 'en' AND `sub_id` = null  [ RunTime:0.0001s ]
NOTIC: [2] Invalid argument supplied for foreach() /home/xiongjiang/www/Theme/default/Public/header.php 第 111 行.
SQL: SELECT `meta_value` FROM `v_option` WHERE ( meta_key='site_url' ) LIMIT 1   [ RunTime:0.0001s ]
SQL: SELECT `meta_value` FROM `v_option` WHERE ( meta_key='site_url' ) LIMIT 1   [ RunTime:0.0001s ]
SQL: SELECT `meta_value` FROM `v_option` WHERE ( meta_key='site_url' ) LIMIT 1   [ RunTime:0.0001s ]
SQL: SELECT `meta_value` FROM `v_option` WHERE ( meta_key='site_url' ) LIMIT 1   [ RunTime:0.0001s ]
INFO: [ view_filter ] --START--
INFO: Run Behavior\WriteHtmlCacheBehavior [ RunTime:0.000136s ]
INFO: [ view_filter ] --END-- [ RunTime:0.000189s ]
NOTIC: [8] Undefined index: id /home/xiongjiang/www/Theme/default/Product/index.php 第 4 行.
INFO: [ view_filter ] --START--
INFO: Run Behavior\WriteHtmlCacheBehavior [ RunTime:0.000011s ]
INFO: [ view_filter ] --END-- [ RunTime:-0.000321s ]
SQL: SELECT `meta_value` FROM `v_option` WHERE ( meta_key='site_url' ) LIMIT 1   [ RunTime:0.0001s ]
SQL: SELECT `meta_value` FROM `v_option` WHERE ( meta_key='site_url' ) LIMIT 1   [ RunTime:0.0001s ]
SQL: SELECT `meta_value` FROM `v_option` WHERE ( meta_key='site_url' ) LIMIT 1   [ RunTime:0.0001s ]
SQL: SELECT `meta_value` FROM `v_option` WHERE ( meta_key='site_url' ) LIMIT 1   [ RunTime:0.0001s ]
NOTIC: [2] Invalid argument supplied for foreach() /home/xiongjiang/www/Theme/default/Public/ProductSiderbar.php 第 115 行.
NOTIC: [2] Invalid argument supplied for foreach() /home/xiongjiang/www/Theme/default/Public/ProductSiderbar.php 第 122 行.
NOTIC: [2] Invalid argument supplied for foreach() /home/xiongjiang/www/Theme/default/Public/ProductSiderbar.php 第 155 行.
SQL: SELECT `meta_value` FROM `v_option` WHERE ( meta_key='site_url' ) LIMIT 1   [ RunTime:0.0001s ]
INFO: [ view_filter ] --START--
INFO: Run Behavior\WriteHtmlCacheBehavior [ RunTime:0.000011s ]
INFO: [ view_filter ] --END-- [ RunTime:-0.002000s ]
NOTIC: [2] Invalid argument supplied for foreach() /home/xiongjiang/www/Theme/default/Product/index.php 第 37 行.
NOTIC: [8] Undefined index: id /home/xiongjiang/www/Theme/default/Product/index.php 第 75 行.
NOTIC: [8] Undefined index: id /home/xiongjiang/www/Theme/default/Product/index.php 第 94 行.
SQL: SELECT `meta_value` FROM `v_option` WHERE ( meta_key='site_url' ) LIMIT 1   [ RunTime:0.0001s ]
INFO: [ view_filter ] --START--
INFO: Run Behavior\WriteHtmlCacheBehavior [ RunTime:0.000011s ]
INFO: [ view_filter ] --END-- [ RunTime:-0.002582s ]
INFO: [ view_filter ] --START--
INFO: Run Behavior\WriteHtmlCacheBehavior [ RunTime:0.000011s ]
INFO: [ view_filter ] --END-- [ RunTime:-0.002684s ]
INFO: [ app_end ] --START--
INFO: Run Behavior\ShowPageTraceBehavior [ RunTime:0.000383s ]
INFO: [ app_end ] --END-- [ RunTime:0.000441s ]

[ 2015-05-20T22:59:24+08:00 ] 112.95.116.194 /index.php?s=/Product/Index/Index/category/0.html
INFO: [ app_init ] --START--
INFO: Run Behavior\BuildLiteBehavior [ RunTime:0.000015s ]
INFO: [ app_init ] --END-- [ RunTime:0.000276s ]
INFO: [ app_begin ] --START--
INFO: Run Behavior\ReadHtmlCacheBehavior [ RunTime:0.000389s ]
SQL: SHOW COLUMNS FROM `v_option` [ RunTime:0.0008s ]
SQL: SELECT `meta_value` FROM `v_option` WHERE `meta_key` = 'EMAIL' AND `type` = 'other' LIMIT 1   [ RunTime:0.0001s ]
SQL: SELECT `meta_value` FROM `v_option` WHERE `lang` = 'en' AND `meta_key` = 'MOBILE' AND `type` = 'other' LIMIT 1   [ RunTime:0.0001s ]
SQL: SELECT `meta_value` FROM `v_option` WHERE `meta_key` = 'PHONE' AND `type` = 'other' LIMIT 1   [ RunTime:0.0001s ]
SQL: SELECT `meta_value` FROM `v_option` WHERE `lang` = 'en' AND `meta_key` = 'ABOUT' AND `type` = 'index' LIMIT 1   [ RunTime:0.0001s ]
INFO: Run Behavior\CheckLangBehavior [ RunTime:0.009080s ]
INFO: [ app_begin ] --END-- [ RunTime:0.009571s ]
SQL: SHOW COLUMNS FROM `v_product` [ RunTime:0.0005s ]
SQL: SELECT `meta_value` FROM `v_option` WHERE ( meta_key='site_url' ) LIMIT 1   [ RunTime:0.0001s ]
SQL: SELECT COUNT(*) AS tp_count FROM `v_product` WHERE `lang` LIKE 'en' LIMIT 1   [ RunTime:0.0001s ]
NOTIC: [8] Undefined index: p /home/xiongjiang/www/App/Product/Controller/IndexController.class.php 第 58 行.
SQL: SELECT * FROM `v_product` WHERE `lang` LIKE 'en' ORDER BY `id` desc LIMIT 0,12   [ RunTime:0.0001s ]
SQL: SHOW COLUMNS FROM `v_product_category` [ RunTime:0.0005s ]
SQL: SELECT * FROM `v_product_category` WHERE `lang` = 'en'  [ RunTime:0.0001s ]
NOTIC: [2] Invalid argument supplied for foreach() /home/xiongjiang/www/App/Common/Common/function.php 第 184 行.
SQL: SELECT `meta_value` FROM `v_option` WHERE (  meta_key='site_name' ) AND `lang` = 'en' LIMIT 1   [ RunTime:0.0001s ]
SQL: SELECT * FROM `v_option` WHERE `meta_key` = 'meta' AND `lang` = 'en'  [ RunTime:0.0001s ]
SQL: SELECT `meta_value` FROM `v_option` WHERE ( meta_key='site_url' ) LIMIT 1   [ RunTime:0.0001s ]
SQL: SELECT `meta_value` FROM `v_option` WHERE ( meta_key='site_url' ) LIMIT 1   [ RunTime:0.0001s ]
SQL: SELECT `meta_value` FROM `v_option` WHERE ( meta_key='site_url' ) LIMIT 1   [ RunTime:0.0001s ]
SQL: SELECT `meta_value` FROM `v_option` WHERE ( meta_key='site_url' ) LIMIT 1   [ RunTime:0.0001s ]
SQL: SELECT `meta_value` FROM `v_option` WHERE ( meta_key='site_url' ) LIMIT 1   [ RunTime:0.0001s ]
SQL: SELECT `meta_value` FROM `v_option` WHERE ( meta_key='site_url' ) LIMIT 1   [ RunTime:0.0001s ]
SQL: SELECT `meta_value` FROM `v_option` WHERE ( meta_key='site_url' ) LIMIT 1   [ RunTime:0.0001s ]
SQL: SELECT `meta_value` FROM `v_option` WHERE ( meta_key='site_url' ) LIMIT 1   [ RunTime:0.0001s ]
SQL: SELECT * FROM `v_product_category` WHERE `lang` = 'en'  [ RunTime:0.0001s ]
NOTIC: [2] Invalid argument supplied for foreach() /home/xiongjiang/www/App/Common/Common/function.php 第 184 行.
SQL: SHOW COLUMNS FROM `v_article_category` [ RunTime:0.0005s ]
SQL: SELECT * FROM `v_article_category` WHERE `lang` = 'en'  [ RunTime:0.0001s ]
SQL: SELECT `meta_value` FROM `v_option` WHERE `meta_key` = 'QQ' AND `type` = 'other' LIMIT 1   [ RunTime:0.0001s ]
SQL: SELECT `meta_value` FROM `v_option` WHERE ( meta_key='site_url' ) LIMIT 1   [ RunTime:0.0001s ]
SQL: SELECT `meta_value` FROM `v_option` WHERE ( meta_key='site_url' ) LIMIT 1   [ RunTime:0.0001s ]
SQL: SELECT `meta_value` FROM `v_option` WHERE ( meta_key='site_url' ) LIMIT 1   [ RunTime:0.0001s ]
NOTIC: [2] Invalid argument supplied for foreach() /home/xiongjiang/www/Theme/default/Public/header.php 第 55 行.
NOTIC: [2] Invalid argument supplied for foreach() /home/xiongjiang/www/Theme/default/Public/header.php 第 72 行.
SQL: SHOW COLUMNS FROM `v_page` [ RunTime:0.0005s ]
SQL: SELECT `id` FROM `v_page` WHERE `lang` = 'en' AND `callcode` = 'support' LIMIT 1   [ RunTime:0.0001s ]
SQL: SELECT * FROM `v_page` WHERE `lang` = 'en' AND `sub_id` = null  [ RunTime:0.0001s ]
NOTIC: [2] Invalid argument supplied for foreach() /home/xiongjiang/www/Theme/default/Public/header.php 第 84 行.
SQL: SELECT `id` FROM `v_page` WHERE `lang` = 'en' AND `callcode` = 'channel' LIMIT 1   [ RunTime:0.0001s ]
SQL: SELECT * FROM `v_page` WHERE `lang` = 'en' AND `sub_id` = null  [ RunTime:0.0001s ]
NOTIC: [2] Invalid argument supplied for foreach() /home/xiongjiang/www/Theme/default/Public/header.php 第 97 行.
SQL: SELECT `id` FROM `v_page` WHERE `lang` = 'en' AND `callcode` = 'about' LIMIT 1   [ RunTime:0.0001s ]
SQL: SELECT * FROM `v_page` WHERE `lang` = 'en' AND `sub_id` = null  [ RunTime:0.0001s ]
NOTIC: [2] Invalid argument supplied for foreach() /home/xiongjiang/www/Theme/default/Public/header.php 第 111 行.
SQL: SELECT `meta_value` FROM `v_option` WHERE ( meta_key='site_url' ) LIMIT 1   [ RunTime:0.0001s ]
SQL: SELECT `meta_value` FROM `v_option` WHERE ( meta_key='site_url' ) LIMIT 1   [ RunTime:0.0001s ]
SQL: SELECT `meta_value` FROM `v_option` WHERE ( meta_key='site_url' ) LIMIT 1   [ RunTime:0.0001s ]
SQL: SELECT `meta_value` FROM `v_option` WHERE ( meta_key='site_url' ) LIMIT 1   [ RunTime:0.0001s ]
INFO: [ view_filter ] --START--
INFO: Run Behavior\WriteHtmlCacheBehavior [ RunTime:0.000133s ]
INFO: [ view_filter ] --END-- [ RunTime:0.000190s ]
NOTIC: [8] Undefined index: id /home/xiongjiang/www/Theme/default/Product/index.php 第 4 行.
INFO: [ view_filter ] --START--
INFO: Run Behavior\WriteHtmlCacheBehavior [ RunTime:0.000013s ]
INFO: [ view_filter ] --END-- [ RunTime:-0.000417s ]
SQL: SELECT `meta_value` FROM `v_option` WHERE ( meta_key='site_url' ) LIMIT 1   [ RunTime:0.0001s ]
SQL: SELECT `meta_value` FROM `v_option` WHERE ( meta_key='site_url' ) LIMIT 1   [ RunTime:0.0001s ]
SQL: SELECT `meta_value` FROM `v_option` WHERE ( meta_key='site_url' ) LIMIT 1   [ RunTime:0.0001s ]
SQL: SELECT `meta_value` FROM `v_option` WHERE ( meta_key='site_url' ) LIMIT 1   [ RunTime:0.0001s ]
NOTIC: [2] Invalid argument supplied for foreach() /home/xiongjiang/www/Theme/default/Public/ProductSiderbar.php 第 115 行.
NOTIC: [2] Invalid argument supplied for foreach() /home/xiongjiang/www/Theme/default/Public/ProductSiderbar.php 第 122 行.
NOTIC: [2] Invalid argument supplied for foreach() /home/xiongjiang/www/Theme/default/Public/ProductSiderbar.php 第 155 行.
SQL: SELECT `meta_value` FROM `v_option` WHERE ( meta_key='site_url' ) LIMIT 1   [ RunTime:0.0001s ]
INFO: [ view_filter ] --START--
INFO: Run Behavior\WriteHtmlCacheBehavior [ RunTime:0.000016s ]
INFO: [ view_filter ] --END-- [ RunTime:-0.002498s ]
NOTIC: [2] Invalid argument supplied for foreach() /home/xiongjiang/www/Theme/default/Product/index.php 第 37 行.
NOTIC: [8] Undefined index: id /home/xiongjiang/www/Theme/default/Product/index.php 第 75 行.
NOTIC: [8] Undefined index: id /home/xiongjiang/www/Theme/default/Product/index.php 第 94 行.
SQL: SELECT `meta_value` FROM `v_option` WHERE ( meta_key='site_url' ) LIMIT 1   [ RunTime:0.0001s ]
INFO: [ view_filter ] --START--
INFO: Run Behavior\WriteHtmlCacheBehavior [ RunTime:0.000016s ]
INFO: [ view_filter ] --END-- [ RunTime:-0.003330s ]
INFO: [ view_filter ] --START--
INFO: Run Behavior\WriteHtmlCacheBehavior [ RunTime:0.000014s ]
INFO: [ view_filter ] --END-- [ RunTime:-0.003481s ]
INFO: [ app_end ] --START--
INFO: Run Behavior\ShowPageTraceBehavior [ RunTime:0.000600s ]
INFO: [ app_end ] --END-- [ RunTime:0.000684s ]

