[ 2015-05-29T10:58:52+08:00 ] 113.92.203.170 /index.php?s=/Page/Index/single/id/contact.html
INFO: [ app_init ] --START--
INFO: Run Behavior\BuildLiteBehavior [ RunTime:0.000015s ]
INFO: [ app_init ] --END-- [ RunTime:0.000268s ]
INFO: [ app_begin ] --START--
INFO: Run Behavior\ReadHtmlCacheBehavior [ RunTime:0.000329s ]
SQL: SHOW COLUMNS FROM `v_option` [ RunTime:0.0007s ]
SQL: SELECT `meta_value` FROM `v_option` WHERE `meta_key` = 'EMAIL' AND `type` = 'other' LIMIT 1   [ RunTime:0.0001s ]
SQL: SELECT `meta_value` FROM `v_option` WHERE `lang` = 'zh' AND `meta_key` = 'MOBILE' AND `type` = 'other' LIMIT 1   [ RunTime:0.0001s ]
SQL: SELECT `meta_value` FROM `v_option` WHERE `meta_key` = 'PHONE' AND `type` = 'other' LIMIT 1   [ RunTime:0.0001s ]
SQL: SELECT `meta_value` FROM `v_option` WHERE `lang` = 'zh' AND `meta_key` = 'ABOUT' AND `type` = 'index' LIMIT 1   [ RunTime:0.0001s ]
INFO: Run Behavior\CheckLangBehavior [ RunTime:0.008928s ]
INFO: [ app_begin ] --END-- [ RunTime:0.009348s ]
SQL: SHOW COLUMNS FROM `v_page` [ RunTime:0.0005s ]
SQL: SELECT * FROM `v_page` WHERE (  callcode='contact' ) AND `lang` = 'zh' LIMIT 1   [ RunTime:0.0001s ]
SQL: SELECT * FROM `v_page` WHERE `sub_id` = '12' LIMIT 1   [ RunTime:0.0001s ]
SQL: SELECT * FROM `v_page` WHERE (  id='33' ) AND `lang` = 'zh'  [ RunTime:0.0001s ]
SQL: SELECT * FROM `v_page` WHERE `lang` = 'zh' AND `id` = 33  [ RunTime:0.0001s ]
SQL: SELECT * FROM `v_page` WHERE `lang` = 'zh' AND ( sub_id='12' OR id = '12' )  [ RunTime:0.0001s ]
SQL: SELECT `meta_value` FROM `v_option` WHERE (  meta_key='site_name' ) AND `lang` = 'zh' LIMIT 1   [ RunTime:0.0001s ]
SQL: SELECT * FROM `v_option` WHERE `meta_key` = 'meta' AND `lang` = 'zh'  [ RunTime:0.0001s ]
SQL: SELECT `meta_value` FROM `v_option` WHERE ( meta_key='site_url' ) LIMIT 1   [ RunTime:0.0001s ]
SQL: SELECT `meta_value` FROM `v_option` WHERE ( meta_key='site_url' ) LIMIT 1   [ RunTime:0.0001s ]
SQL: SELECT `meta_value` FROM `v_option` WHERE ( meta_key='site_url' ) LIMIT 1   [ RunTime:0.0001s ]
SQL: SELECT `meta_value` FROM `v_option` WHERE ( meta_key='site_url' ) LIMIT 1   [ RunTime:0.0001s ]
SQL: SELECT `meta_value` FROM `v_option` WHERE ( meta_key='site_url' ) LIMIT 1   [ RunTime:0.0001s ]
SQL: SELECT `meta_value` FROM `v_option` WHERE ( meta_key='site_url' ) LIMIT 1   [ RunTime:0.0001s ]
SQL: SELECT `meta_value` FROM `v_option` WHERE ( meta_key='site_url' ) LIMIT 1   [ RunTime:0.0001s ]
SQL: SELECT `meta_value` FROM `v_option` WHERE ( meta_key='site_url' ) LIMIT 1   [ RunTime:0.0001s ]
SQL: SHOW COLUMNS FROM `v_product_category` [ RunTime:0.0005s ]
SQL: SELECT * FROM `v_product_category` WHERE `lang` = 'zh'  [ RunTime:0.0001s ]
SQL: SHOW COLUMNS FROM `v_article_category` [ RunTime:0.0004s ]
SQL: SELECT * FROM `v_article_category` WHERE `lang` = 'zh'  [ RunTime:0.0001s ]
SQL: SELECT `meta_value` FROM `v_option` WHERE `meta_key` = 'QQ' AND `type` = 'other' LIMIT 1   [ RunTime:0.0001s ]
SQL: SELECT `meta_value` FROM `v_option` WHERE ( meta_key='site_url' ) LIMIT 1   [ RunTime:0.0001s ]
SQL: SELECT `meta_value` FROM `v_option` WHERE ( meta_key='site_url' ) LIMIT 1   [ RunTime:0.0001s ]
SQL: SELECT `meta_value` FROM `v_option` WHERE ( meta_key='site_url' ) LIMIT 1   [ RunTime:0.0001s ]
SQL: SELECT `id` FROM `v_page` WHERE `lang` = 'zh' AND `callcode` = 'support' LIMIT 1   [ RunTime:0.0001s ]
SQL: SELECT * FROM `v_page` WHERE `lang` = 'zh' AND `sub_id` = '11'  [ RunTime:0.0002s ]
SQL: SELECT `id` FROM `v_page` WHERE `lang` = 'zh' AND `callcode` = 'channel' LIMIT 1   [ RunTime:0.0001s ]
SQL: SELECT * FROM `v_page` WHERE `lang` = 'zh' AND `sub_id` = '10'  [ RunTime:0.0001s ]
SQL: SELECT `id` FROM `v_page` WHERE `lang` = 'zh' AND `callcode` = 'about' LIMIT 1   [ RunTime:0.0001s ]
SQL: SELECT * FROM `v_page` WHERE `lang` = 'zh' AND `sub_id` = '13'  [ RunTime:0.0001s ]
SQL: SELECT `meta_value` FROM `v_option` WHERE ( meta_key='site_url' ) LIMIT 1   [ RunTime:0.0001s ]
SQL: SELECT `meta_value` FROM `v_option` WHERE ( meta_key='site_url' ) LIMIT 1   [ RunTime:0.0001s ]
SQL: SELECT `meta_value` FROM `v_option` WHERE ( meta_key='site_url' ) LIMIT 1   [ RunTime:0.0001s ]
INFO: [ view_filter ] --START--
INFO: Run Behavior\WriteHtmlCacheBehavior [ RunTime:0.000149s ]
INFO: [ view_filter ] --END-- [ RunTime:0.000204s ]
NOTIC: [8] Undefined index: path /home/xiongjiang/www/Theme/default/Public/Crumb.php 第 17 行.
INFO: [ view_filter ] --START--
INFO: Run Behavior\WriteHtmlCacheBehavior [ RunTime:0.000011s ]
INFO: [ view_filter ] --END-- [ RunTime:-0.000313s ]
SQL: SELECT `meta_value` FROM `v_option` WHERE ( meta_key='site_url' ) LIMIT 1   [ RunTime:0.0001s ]
INFO: [ view_filter ] --START--
INFO: Run Behavior\WriteHtmlCacheBehavior [ RunTime:0.000011s ]
INFO: [ view_filter ] --END-- [ RunTime:-0.001024s ]
SQL: SELECT `meta_value` FROM `v_option` WHERE ( meta_key='site_url' ) LIMIT 1   [ RunTime:0.0001s ]
INFO: [ view_filter ] --START--
INFO: Run Behavior\WriteHtmlCacheBehavior [ RunTime:0.000018s ]
INFO: [ view_filter ] --END-- [ RunTime:-0.001735s ]
INFO: [ view_filter ] --START--
INFO: Run Behavior\WriteHtmlCacheBehavior [ RunTime:0.000011s ]
INFO: [ view_filter ] --END-- [ RunTime:-0.001887s ]
INFO: [ app_end ] --START--
INFO: Run Behavior\ShowPageTraceBehavior [ RunTime:0.000364s ]
INFO: [ app_end ] --END-- [ RunTime:0.000428s ]

[ 2015-05-29T11:03:31+08:00 ] 113.92.203.170 /index.php?s=/Page/Index/single/id/download.html
INFO: [ app_init ] --START--
INFO: Run Behavior\BuildLiteBehavior [ RunTime:0.000015s ]
INFO: [ app_init ] --END-- [ RunTime:0.000349s ]
INFO: [ app_begin ] --START--
INFO: Run Behavior\ReadHtmlCacheBehavior [ RunTime:0.000399s ]
SQL: SHOW COLUMNS FROM `v_option` [ RunTime:0.0007s ]
SQL: SELECT `meta_value` FROM `v_option` WHERE `meta_key` = 'EMAIL' AND `type` = 'other' LIMIT 1   [ RunTime:0.0001s ]
SQL: SELECT `meta_value` FROM `v_option` WHERE `lang` = 'zh' AND `meta_key` = 'MOBILE' AND `type` = 'other' LIMIT 1   [ RunTime:0.0001s ]
SQL: SELECT `meta_value` FROM `v_option` WHERE `meta_key` = 'PHONE' AND `type` = 'other' LIMIT 1   [ RunTime:0.0001s ]
SQL: SELECT `meta_value` FROM `v_option` WHERE `lang` = 'zh' AND `meta_key` = 'ABOUT' AND `type` = 'index' LIMIT 1   [ RunTime:0.0001s ]
INFO: Run Behavior\CheckLangBehavior [ RunTime:0.010584s ]
INFO: [ app_begin ] --END-- [ RunTime:0.011083s ]
SQL: SHOW COLUMNS FROM `v_page` [ RunTime:0.0006s ]
SQL: SELECT * FROM `v_page` WHERE (  callcode='download' ) AND `lang` = 'zh' LIMIT 1   [ RunTime:0.0001s ]
SQL: SELECT * FROM `v_page` WHERE `sub_id` = '15' LIMIT 1   [ RunTime:0.0001s ]
SQL: SELECT * FROM `v_page` WHERE (  id='35' ) AND `lang` = 'zh'  [ RunTime:0.0001s ]
SQL: SELECT * FROM `v_page` WHERE `lang` = 'zh' AND `id` = 35  [ RunTime:0.0002s ]
SQL: SELECT * FROM `v_page` WHERE `lang` = 'zh' AND ( sub_id='15' OR id = '15' )  [ RunTime:0.0001s ]
SQL: SELECT `meta_value` FROM `v_option` WHERE (  meta_key='site_name' ) AND `lang` = 'zh' LIMIT 1   [ RunTime:0.0001s ]
SQL: SELECT * FROM `v_option` WHERE `meta_key` = 'meta' AND `lang` = 'zh'  [ RunTime:0.0001s ]
SQL: SELECT `meta_value` FROM `v_option` WHERE ( meta_key='site_url' ) LIMIT 1   [ RunTime:0.0001s ]
SQL: SELECT `meta_value` FROM `v_option` WHERE ( meta_key='site_url' ) LIMIT 1   [ RunTime:0.0001s ]
SQL: SELECT `meta_value` FROM `v_option` WHERE ( meta_key='site_url' ) LIMIT 1   [ RunTime:0.0001s ]
SQL: SELECT `meta_value` FROM `v_option` WHERE ( meta_key='site_url' ) LIMIT 1   [ RunTime:0.0001s ]
SQL: SELECT `meta_value` FROM `v_option` WHERE ( meta_key='site_url' ) LIMIT 1   [ RunTime:0.0001s ]
SQL: SELECT `meta_value` FROM `v_option` WHERE ( meta_key='site_url' ) LIMIT 1   [ RunTime:0.0001s ]
SQL: SELECT `meta_value` FROM `v_option` WHERE ( meta_key='site_url' ) LIMIT 1   [ RunTime:0.0001s ]
SQL: SELECT `meta_value` FROM `v_option` WHERE ( meta_key='site_url' ) LIMIT 1   [ RunTime:0.0001s ]
SQL: SHOW COLUMNS FROM `v_product_category` [ RunTime:0.0006s ]
SQL: SELECT * FROM `v_product_category` WHERE `lang` = 'zh'  [ RunTime:0.0001s ]
SQL: SHOW COLUMNS FROM `v_article_category` [ RunTime:0.0004s ]
SQL: SELECT * FROM `v_article_category` WHERE `lang` = 'zh'  [ RunTime:0.0001s ]
SQL: SELECT `meta_value` FROM `v_option` WHERE `meta_key` = 'QQ' AND `type` = 'other' LIMIT 1   [ RunTime:0.0001s ]
SQL: SELECT `meta_value` FROM `v_option` WHERE ( meta_key='site_url' ) LIMIT 1   [ RunTime:0.0001s ]
SQL: SELECT `meta_value` FROM `v_option` WHERE ( meta_key='site_url' ) LIMIT 1   [ RunTime:0.0001s ]
SQL: SELECT `meta_value` FROM `v_option` WHERE ( meta_key='site_url' ) LIMIT 1   [ RunTime:0.0001s ]
SQL: SELECT `id` FROM `v_page` WHERE `lang` = 'zh' AND `callcode` = 'support' LIMIT 1   [ RunTime:0.0001s ]
SQL: SELECT * FROM `v_page` WHERE `lang` = 'zh' AND `sub_id` = '11'  [ RunTime:0.0002s ]
SQL: SELECT `id` FROM `v_page` WHERE `lang` = 'zh' AND `callcode` = 'channel' LIMIT 1   [ RunTime:0.0001s ]
SQL: SELECT * FROM `v_page` WHERE `lang` = 'zh' AND `sub_id` = '10'  [ RunTime:0.0001s ]
SQL: SELECT `id` FROM `v_page` WHERE `lang` = 'zh' AND `callcode` = 'about' LIMIT 1   [ RunTime:0.0001s ]
SQL: SELECT * FROM `v_page` WHERE `lang` = 'zh' AND `sub_id` = '13'  [ RunTime:0.0001s ]
SQL: SELECT `meta_value` FROM `v_option` WHERE ( meta_key='site_url' ) LIMIT 1   [ RunTime:0.0001s ]
SQL: SELECT `meta_value` FROM `v_option` WHERE ( meta_key='site_url' ) LIMIT 1   [ RunTime:0.0001s ]
SQL: SELECT `meta_value` FROM `v_option` WHERE ( meta_key='site_url' ) LIMIT 1   [ RunTime:0.0001s ]
INFO: [ view_filter ] --START--
INFO: Run Behavior\WriteHtmlCacheBehavior [ RunTime:0.000133s ]
INFO: [ view_filter ] --END-- [ RunTime:0.000188s ]
NOTIC: [8] Undefined index: path /home/xiongjiang/www/Theme/default/Public/Crumb.php 第 17 行.
INFO: [ view_filter ] --START--
INFO: Run Behavior\WriteHtmlCacheBehavior [ RunTime:0.000011s ]
INFO: [ view_filter ] --END-- [ RunTime:-0.000315s ]
SQL: SELECT `meta_value` FROM `v_option` WHERE ( meta_key='site_url' ) LIMIT 1   [ RunTime:0.0001s ]
INFO: [ view_filter ] --START--
INFO: Run Behavior\WriteHtmlCacheBehavior [ RunTime:0.000011s ]
INFO: [ view_filter ] --END-- [ RunTime:-0.000984s ]
SQL: SELECT `meta_value` FROM `v_option` WHERE ( meta_key='site_url' ) LIMIT 1   [ RunTime:0.0001s ]
INFO: [ view_filter ] --START--
INFO: Run Behavior\WriteHtmlCacheBehavior [ RunTime:0.000011s ]
INFO: [ view_filter ] --END-- [ RunTime:-0.001692s ]
INFO: [ view_filter ] --START--
INFO: Run Behavior\WriteHtmlCacheBehavior [ RunTime:0.000010s ]
INFO: [ view_filter ] --END-- [ RunTime:-0.001796s ]
INFO: [ app_end ] --START--
INFO: Run Behavior\ShowPageTraceBehavior [ RunTime:0.000375s ]
INFO: [ app_end ] --END-- [ RunTime:0.000438s ]

[ 2015-05-29T11:05:41+08:00 ] 113.92.203.170 /index.php?s=/Page/Index/single/id/contact.html
INFO: [ app_init ] --START--
INFO: Run Behavior\BuildLiteBehavior [ RunTime:0.000016s ]
INFO: [ app_init ] --END-- [ RunTime:0.000312s ]
INFO: [ app_begin ] --START--
INFO: Run Behavior\ReadHtmlCacheBehavior [ RunTime:0.000366s ]
SQL: SHOW COLUMNS FROM `v_option` [ RunTime:0.0007s ]
SQL: SELECT `meta_value` FROM `v_option` WHERE `meta_key` = 'EMAIL' AND `type` = 'other' LIMIT 1   [ RunTime:0.0001s ]
SQL: SELECT `meta_value` FROM `v_option` WHERE `lang` = 'zh' AND `meta_key` = 'MOBILE' AND `type` = 'other' LIMIT 1   [ RunTime:0.0001s ]
SQL: SELECT `meta_value` FROM `v_option` WHERE `meta_key` = 'PHONE' AND `type` = 'other' LIMIT 1   [ RunTime:0.0001s ]
SQL: SELECT `meta_value` FROM `v_option` WHERE `lang` = 'zh' AND `meta_key` = 'ABOUT' AND `type` = 'index' LIMIT 1   [ RunTime:0.0001s ]
INFO: Run Behavior\CheckLangBehavior [ RunTime:0.009060s ]
INFO: [ app_begin ] --END-- [ RunTime:0.009523s ]
SQL: SHOW COLUMNS FROM `v_page` [ RunTime:0.0005s ]
SQL: SELECT * FROM `v_page` WHERE (  callcode='contact' ) AND `lang` = 'zh' LIMIT 1   [ RunTime:0.0001s ]
SQL: SELECT * FROM `v_page` WHERE `sub_id` = '12' LIMIT 1   [ RunTime:0.0001s ]
SQL: SELECT * FROM `v_page` WHERE (  id='33' ) AND `lang` = 'zh'  [ RunTime:0.0001s ]
SQL: SELECT * FROM `v_page` WHERE `lang` = 'zh' AND `id` = 33  [ RunTime:0.0001s ]
SQL: SELECT * FROM `v_page` WHERE `lang` = 'zh' AND ( sub_id='12' OR id = '12' )  [ RunTime:0.0001s ]
SQL: SELECT `meta_value` FROM `v_option` WHERE (  meta_key='site_name' ) AND `lang` = 'zh' LIMIT 1   [ RunTime:0.0001s ]
SQL: SELECT * FROM `v_option` WHERE `meta_key` = 'meta' AND `lang` = 'zh'  [ RunTime:0.0001s ]
SQL: SELECT `meta_value` FROM `v_option` WHERE ( meta_key='site_url' ) LIMIT 1   [ RunTime:0.0001s ]
SQL: SELECT `meta_value` FROM `v_option` WHERE ( meta_key='site_url' ) LIMIT 1   [ RunTime:0.0001s ]
SQL: SELECT `meta_value` FROM `v_option` WHERE ( meta_key='site_url' ) LIMIT 1   [ RunTime:0.0001s ]
SQL: SELECT `meta_value` FROM `v_option` WHERE ( meta_key='site_url' ) LIMIT 1   [ RunTime:0.0001s ]
SQL: SELECT `meta_value` FROM `v_option` WHERE ( meta_key='site_url' ) LIMIT 1   [ RunTime:0.0001s ]
SQL: SELECT `meta_value` FROM `v_option` WHERE ( meta_key='site_url' ) LIMIT 1   [ RunTime:0.0001s ]
SQL: SELECT `meta_value` FROM `v_option` WHERE ( meta_key='site_url' ) LIMIT 1   [ RunTime:0.0001s ]
SQL: SELECT `meta_value` FROM `v_option` WHERE ( meta_key='site_url' ) LIMIT 1   [ RunTime:0.0001s ]
SQL: SHOW COLUMNS FROM `v_product_category` [ RunTime:0.0005s ]
SQL: SELECT * FROM `v_product_category` WHERE `lang` = 'zh'  [ RunTime:0.0001s ]
SQL: SHOW COLUMNS FROM `v_article_category` [ RunTime:0.0004s ]
SQL: SELECT * FROM `v_article_category` WHERE `lang` = 'zh'  [ RunTime:0.0001s ]
SQL: SELECT `meta_value` FROM `v_option` WHERE `meta_key` = 'QQ' AND `type` = 'other' LIMIT 1   [ RunTime:0.0001s ]
SQL: SELECT `meta_value` FROM `v_option` WHERE ( meta_key='site_url' ) LIMIT 1   [ RunTime:0.0001s ]
SQL: SELECT `meta_value` FROM `v_option` WHERE ( meta_key='site_url' ) LIMIT 1   [ RunTime:0.0001s ]
SQL: SELECT `meta_value` FROM `v_option` WHERE ( meta_key='site_url' ) LIMIT 1   [ RunTime:0.0001s ]
SQL: SELECT `id` FROM `v_page` WHERE `lang` = 'zh' AND `callcode` = 'support' LIMIT 1   [ RunTime:0.0001s ]
SQL: SELECT * FROM `v_page` WHERE `lang` = 'zh' AND `sub_id` = '11'  [ RunTime:0.0002s ]
SQL: SELECT `id` FROM `v_page` WHERE `lang` = 'zh' AND `callcode` = 'channel' LIMIT 1   [ RunTime:0.0001s ]
SQL: SELECT * FROM `v_page` WHERE `lang` = 'zh' AND `sub_id` = '10'  [ RunTime:0.0001s ]
SQL: SELECT `id` FROM `v_page` WHERE `lang` = 'zh' AND `callcode` = 'about' LIMIT 1   [ RunTime:0.0001s ]
SQL: SELECT * FROM `v_page` WHERE `lang` = 'zh' AND `sub_id` = '13'  [ RunTime:0.0001s ]
SQL: SELECT `meta_value` FROM `v_option` WHERE ( meta_key='site_url' ) LIMIT 1   [ RunTime:0.0001s ]
SQL: SELECT `meta_value` FROM `v_option` WHERE ( meta_key='site_url' ) LIMIT 1   [ RunTime:0.0001s ]
SQL: SELECT `meta_value` FROM `v_option` WHERE ( meta_key='site_url' ) LIMIT 1   [ RunTime:0.0001s ]
INFO: [ view_filter ] --START--
INFO: Run Behavior\WriteHtmlCacheBehavior [ RunTime:0.000136s ]
INFO: [ view_filter ] --END-- [ RunTime:0.000196s ]
NOTIC: [8] Undefined index: path /home/xiongjiang/www/Theme/default/Public/Crumb.php 第 17 行.
INFO: [ view_filter ] --START--
INFO: Run Behavior\WriteHtmlCacheBehavior [ RunTime:0.000012s ]
INFO: [ view_filter ] --END-- [ RunTime:-0.000314s ]
SQL: SELECT `meta_value` FROM `v_option` WHERE ( meta_key='site_url' ) LIMIT 1   [ RunTime:0.0001s ]
INFO: [ view_filter ] --START--
INFO: Run Behavior\WriteHtmlCacheBehavior [ RunTime:0.000012s ]
INFO: [ view_filter ] --END-- [ RunTime:-0.001049s ]
SQL: SELECT `meta_value` FROM `v_option` WHERE ( meta_key='site_url' ) LIMIT 1   [ RunTime:0.0001s ]
INFO: [ view_filter ] --START--
INFO: Run Behavior\WriteHtmlCacheBehavior [ RunTime:0.000012s ]
INFO: [ view_filter ] --END-- [ RunTime:-0.001785s ]
INFO: [ view_filter ] --START--
INFO: Run Behavior\WriteHtmlCacheBehavior [ RunTime:0.000014s ]
INFO: [ view_filter ] --END-- [ RunTime:-0.001890s ]
INFO: [ app_end ] --START--
INFO: Run Behavior\ShowPageTraceBehavior [ RunTime:0.000373s ]
INFO: [ app_end ] --END-- [ RunTime:0.000449s ]

[ 2015-05-29T18:56:48+08:00 ] 183.14.129.158 /index.php?s=/Page/Index/single/id/about.html
INFO: [ app_init ] --START--
INFO: Run Behavior\BuildLiteBehavior [ RunTime:0.000014s ]
INFO: [ app_init ] --END-- [ RunTime:0.000266s ]
INFO: [ app_begin ] --START--
INFO: Run Behavior\ReadHtmlCacheBehavior [ RunTime:0.000377s ]
SQL: SHOW COLUMNS FROM `v_option` [ RunTime:0.0008s ]
SQL: SELECT `meta_value` FROM `v_option` WHERE `meta_key` = 'EMAIL' AND `type` = 'other' LIMIT 1   [ RunTime:0.0001s ]
SQL: SELECT `meta_value` FROM `v_option` WHERE `lang` = 'zh' AND `meta_key` = 'MOBILE' AND `type` = 'other' LIMIT 1   [ RunTime:0.0001s ]
SQL: SELECT `meta_value` FROM `v_option` WHERE `meta_key` = 'PHONE' AND `type` = 'other' LIMIT 1   [ RunTime:0.0001s ]
SQL: SELECT `meta_value` FROM `v_option` WHERE `lang` = 'zh' AND `meta_key` = 'ABOUT' AND `type` = 'index' LIMIT 1   [ RunTime:0.0001s ]
INFO: Run Behavior\CheckLangBehavior [ RunTime:0.009835s ]
INFO: [ app_begin ] --END-- [ RunTime:0.010303s ]
SQL: SHOW COLUMNS FROM `v_page` [ RunTime:0.0005s ]
SQL: SELECT * FROM `v_page` WHERE (  callcode='about' ) AND `lang` = 'zh' LIMIT 1   [ RunTime:0.0001s ]
SQL: SELECT * FROM `v_page` WHERE `sub_id` = '13' LIMIT 1   [ RunTime:0.0001s ]
SQL: SELECT * FROM `v_page` WHERE (  id='19' ) AND `lang` = 'zh'  [ RunTime:0.0001s ]
SQL: SELECT * FROM `v_page` WHERE `lang` = 'zh' AND `id` = 19  [ RunTime:0.0001s ]
SQL: SELECT * FROM `v_page` WHERE `lang` = 'zh' AND ( sub_id='13' OR id = '13' )  [ RunTime:0.0001s ]
SQL: SELECT `meta_value` FROM `v_option` WHERE (  meta_key='site_name' ) AND `lang` = 'zh' LIMIT 1   [ RunTime:0.0001s ]
SQL: SELECT * FROM `v_option` WHERE `meta_key` = 'meta' AND `lang` = 'zh'  [ RunTime:0.0001s ]
SQL: SELECT `meta_value` FROM `v_option` WHERE ( meta_key='site_url' ) LIMIT 1   [ RunTime:0.0001s ]
SQL: SELECT `meta_value` FROM `v_option` WHERE ( meta_key='site_url' ) LIMIT 1   [ RunTime:0.0001s ]
SQL: SELECT `meta_value` FROM `v_option` WHERE ( meta_key='site_url' ) LIMIT 1   [ RunTime:0.0001s ]
SQL: SELECT `meta_value` FROM `v_option` WHERE ( meta_key='site_url' ) LIMIT 1   [ RunTime:0.0001s ]
SQL: SELECT `meta_value` FROM `v_option` WHERE ( meta_key='site_url' ) LIMIT 1   [ RunTime:0.0001s ]
SQL: SELECT `meta_value` FROM `v_option` WHERE ( meta_key='site_url' ) LIMIT 1   [ RunTime:0.0001s ]
SQL: SELECT `meta_value` FROM `v_option` WHERE ( meta_key='site_url' ) LIMIT 1   [ RunTime:0.0001s ]
SQL: SELECT `meta_value` FROM `v_option` WHERE ( meta_key='site_url' ) LIMIT 1   [ RunTime:0.0001s ]
SQL: SHOW COLUMNS FROM `v_product_category` [ RunTime:0.0006s ]
SQL: SELECT * FROM `v_product_category` WHERE `lang` = 'zh'  [ RunTime:0.0001s ]
SQL: SHOW COLUMNS FROM `v_article_category` [ RunTime:0.0004s ]
SQL: SELECT * FROM `v_article_category` WHERE `lang` = 'zh'  [ RunTime:0.0001s ]
SQL: SELECT `meta_value` FROM `v_option` WHERE `meta_key` = 'QQ' AND `type` = 'other' LIMIT 1   [ RunTime:0.0001s ]
SQL: SELECT `meta_value` FROM `v_option` WHERE ( meta_key='site_url' ) LIMIT 1   [ RunTime:0.0001s ]
SQL: SELECT `meta_value` FROM `v_option` WHERE ( meta_key='site_url' ) LIMIT 1   [ RunTime:0.0001s ]
SQL: SELECT `meta_value` FROM `v_option` WHERE ( meta_key='site_url' ) LIMIT 1   [ RunTime:0.0001s ]
SQL: SELECT `id` FROM `v_page` WHERE `lang` = 'zh' AND `callcode` = 'support' LIMIT 1   [ RunTime:0.0001s ]
SQL: SELECT * FROM `v_page` WHERE `lang` = 'zh' AND `sub_id` = '11'  [ RunTime:0.0002s ]
SQL: SELECT `id` FROM `v_page` WHERE `lang` = 'zh' AND `callcode` = 'channel' LIMIT 1   [ RunTime:0.0001s ]
SQL: SELECT * FROM `v_page` WHERE `lang` = 'zh' AND `sub_id` = '10'  [ RunTime:0.0001s ]
SQL: SELECT `id` FROM `v_page` WHERE `lang` = 'zh' AND `callcode` = 'about' LIMIT 1   [ RunTime:0.0001s ]
SQL: SELECT * FROM `v_page` WHERE `lang` = 'zh' AND `sub_id` = '13'  [ RunTime:0.0001s ]
SQL: SELECT `meta_value` FROM `v_option` WHERE ( meta_key='site_url' ) LIMIT 1   [ RunTime:0.0001s ]
SQL: SELECT `meta_value` FROM `v_option` WHERE ( meta_key='site_url' ) LIMIT 1   [ RunTime:0.0001s ]
SQL: SELECT `meta_value` FROM `v_option` WHERE ( meta_key='site_url' ) LIMIT 1   [ RunTime:0.0001s ]
INFO: [ view_filter ] --START--
INFO: Run Behavior\WriteHtmlCacheBehavior [ RunTime:0.000153s ]
INFO: [ view_filter ] --END-- [ RunTime:0.000207s ]
NOTIC: [8] Undefined index: path /home/xiongjiang/www/Theme/default/Public/Crumb.php 第 17 行.
INFO: [ view_filter ] --START--
INFO: Run Behavior\WriteHtmlCacheBehavior [ RunTime:0.000011s ]
INFO: [ view_filter ] --END-- [ RunTime:-0.000320s ]
SQL: SELECT `meta_value` FROM `v_option` WHERE ( meta_key='site_url' ) LIMIT 1   [ RunTime:0.0001s ]
INFO: [ view_filter ] --START--
INFO: Run Behavior\WriteHtmlCacheBehavior [ RunTime:0.000011s ]
INFO: [ view_filter ] --END-- [ RunTime:-0.001055s ]
SQL: SELECT `meta_value` FROM `v_option` WHERE ( meta_key='site_url' ) LIMIT 1   [ RunTime:0.0001s ]
INFO: [ view_filter ] --START--
INFO: Run Behavior\WriteHtmlCacheBehavior [ RunTime:0.000011s ]
INFO: [ view_filter ] --END-- [ RunTime:-0.001711s ]
INFO: [ view_filter ] --START--
INFO: Run Behavior\WriteHtmlCacheBehavior [ RunTime:0.000011s ]
INFO: [ view_filter ] --END-- [ RunTime:-0.001814s ]
INFO: [ app_end ] --START--
INFO: Run Behavior\ShowPageTraceBehavior [ RunTime:0.000353s ]
INFO: [ app_end ] --END-- [ RunTime:0.000414s ]

[ 2015-05-29T18:56:48+08:00 ] 180.153.206.32 /index.php?s=/Page/Index/single/id/about.html
INFO: [ app_init ] --START--
INFO: Run Behavior\BuildLiteBehavior [ RunTime:0.000014s ]
INFO: [ app_init ] --END-- [ RunTime:0.000268s ]
INFO: [ app_begin ] --START--
INFO: Run Behavior\ReadHtmlCacheBehavior [ RunTime:0.000457s ]
SQL: SHOW COLUMNS FROM `v_option` [ RunTime:0.0007s ]
SQL: SELECT `meta_value` FROM `v_option` WHERE `meta_key` = 'EMAIL' AND `type` = 'other' LIMIT 1   [ RunTime:0.0001s ]
SQL: SELECT `meta_value` FROM `v_option` WHERE `lang` = 'zh' AND `meta_key` = 'MOBILE' AND `type` = 'other' LIMIT 1   [ RunTime:0.0001s ]
SQL: SELECT `meta_value` FROM `v_option` WHERE `meta_key` = 'PHONE' AND `type` = 'other' LIMIT 1   [ RunTime:0.0001s ]
SQL: SELECT `meta_value` FROM `v_option` WHERE `lang` = 'zh' AND `meta_key` = 'ABOUT' AND `type` = 'index' LIMIT 1   [ RunTime:0.0001s ]
INFO: Run Behavior\CheckLangBehavior [ RunTime:0.009082s ]
INFO: [ app_begin ] --END-- [ RunTime:0.009661s ]
SQL: SHOW COLUMNS FROM `v_page` [ RunTime:0.0006s ]
SQL: SELECT * FROM `v_page` WHERE (  callcode='about' ) AND `lang` = 'zh' LIMIT 1   [ RunTime:0.0001s ]
SQL: SELECT * FROM `v_page` WHERE `sub_id` = '13' LIMIT 1   [ RunTime:0.0001s ]
SQL: SELECT * FROM `v_page` WHERE (  id='19' ) AND `lang` = 'zh'  [ RunTime:0.0001s ]
SQL: SELECT * FROM `v_page` WHERE `lang` = 'zh' AND `id` = 19  [ RunTime:0.0001s ]
SQL: SELECT * FROM `v_page` WHERE `lang` = 'zh' AND ( sub_id='13' OR id = '13' )  [ RunTime:0.0001s ]
SQL: SELECT `meta_value` FROM `v_option` WHERE (  meta_key='site_name' ) AND `lang` = 'zh' LIMIT 1   [ RunTime:0.0001s ]
SQL: SELECT * FROM `v_option` WHERE `meta_key` = 'meta' AND `lang` = 'zh'  [ RunTime:0.0001s ]
SQL: SELECT `meta_value` FROM `v_option` WHERE ( meta_key='site_url' ) LIMIT 1   [ RunTime:0.0001s ]
SQL: SELECT `meta_value` FROM `v_option` WHERE ( meta_key='site_url' ) LIMIT 1   [ RunTime:0.0001s ]
SQL: SELECT `meta_value` FROM `v_option` WHERE ( meta_key='site_url' ) LIMIT 1   [ RunTime:0.0001s ]
SQL: SELECT `meta_value` FROM `v_option` WHERE ( meta_key='site_url' ) LIMIT 1   [ RunTime:0.0001s ]
SQL: SELECT `meta_value` FROM `v_option` WHERE ( meta_key='site_url' ) LIMIT 1   [ RunTime:0.0001s ]
SQL: SELECT `meta_value` FROM `v_option` WHERE ( meta_key='site_url' ) LIMIT 1   [ RunTime:0.0001s ]
SQL: SELECT `meta_value` FROM `v_option` WHERE ( meta_key='site_url' ) LIMIT 1   [ RunTime:0.0001s ]
SQL: SELECT `meta_value` FROM `v_option` WHERE ( meta_key='site_url' ) LIMIT 1   [ RunTime:0.0001s ]
SQL: SHOW COLUMNS FROM `v_product_category` [ RunTime:0.0005s ]
SQL: SELECT * FROM `v_product_category` WHERE `lang` = 'zh'  [ RunTime:0.0001s ]
SQL: SHOW COLUMNS FROM `v_article_category` [ RunTime:0.0004s ]
SQL: SELECT * FROM `v_article_category` WHERE `lang` = 'zh'  [ RunTime:0.0001s ]
SQL: SELECT `meta_value` FROM `v_option` WHERE `meta_key` = 'QQ' AND `type` = 'other' LIMIT 1   [ RunTime:0.0001s ]
SQL: SELECT `meta_value` FROM `v_option` WHERE ( meta_key='site_url' ) LIMIT 1   [ RunTime:0.0001s ]
SQL: SELECT `meta_value` FROM `v_option` WHERE ( meta_key='site_url' ) LIMIT 1   [ RunTime:0.0001s ]
SQL: SELECT `meta_value` FROM `v_option` WHERE ( meta_key='site_url' ) LIMIT 1   [ RunTime:0.0001s ]
SQL: SELECT `id` FROM `v_page` WHERE `lang` = 'zh' AND `callcode` = 'support' LIMIT 1   [ RunTime:0.0001s ]
SQL: SELECT * FROM `v_page` WHERE `lang` = 'zh' AND `sub_id` = '11'  [ RunTime:0.0002s ]
SQL: SELECT `id` FROM `v_page` WHERE `lang` = 'zh' AND `callcode` = 'channel' LIMIT 1   [ RunTime:0.0001s ]
SQL: SELECT * FROM `v_page` WHERE `lang` = 'zh' AND `sub_id` = '10'  [ RunTime:0.0001s ]
SQL: SELECT `id` FROM `v_page` WHERE `lang` = 'zh' AND `callcode` = 'about' LIMIT 1   [ RunTime:0.0001s ]
SQL: SELECT * FROM `v_page` WHERE `lang` = 'zh' AND `sub_id` = '13'  [ RunTime:0.0001s ]
SQL: SELECT `meta_value` FROM `v_option` WHERE ( meta_key='site_url' ) LIMIT 1   [ RunTime:0.0001s ]
SQL: SELECT `meta_value` FROM `v_option` WHERE ( meta_key='site_url' ) LIMIT 1   [ RunTime:0.0001s ]
SQL: SELECT `meta_value` FROM `v_option` WHERE ( meta_key='site_url' ) LIMIT 1   [ RunTime:0.0001s ]
INFO: [ view_filter ] --START--
INFO: Run Behavior\WriteHtmlCacheBehavior [ RunTime:0.000155s ]
INFO: [ view_filter ] --END-- [ RunTime:0.000209s ]
NOTIC: [8] Undefined index: path /home/xiongjiang/www/Theme/default/Public/Crumb.php 第 17 行.
INFO: [ view_filter ] --START--
INFO: Run Behavior\WriteHtmlCacheBehavior [ RunTime:0.000011s ]
INFO: [ view_filter ] --END-- [ RunTime:-0.000319s ]
SQL: SELECT `meta_value` FROM `v_option` WHERE ( meta_key='site_url' ) LIMIT 1   [ RunTime:0.0001s ]
INFO: [ view_filter ] --START--
INFO: Run Behavior\WriteHtmlCacheBehavior [ RunTime:0.000011s ]
INFO: [ view_filter ] --END-- [ RunTime:-0.001044s ]
SQL: SELECT `meta_value` FROM `v_option` WHERE ( meta_key='site_url' ) LIMIT 1   [ RunTime:0.0001s ]
INFO: [ view_filter ] --START--
INFO: Run Behavior\WriteHtmlCacheBehavior [ RunTime:0.000016s ]
INFO: [ view_filter ] --END-- [ RunTime:-0.001754s ]
INFO: [ view_filter ] --START--
INFO: Run Behavior\WriteHtmlCacheBehavior [ RunTime:0.000010s ]
INFO: [ view_filter ] --END-- [ RunTime:-0.001924s ]
INFO: [ app_end ] --START--
INFO: Run Behavior\ShowPageTraceBehavior [ RunTime:0.000353s ]
INFO: [ app_end ] --END-- [ RunTime:0.000415s ]

[ 2015-05-29T18:56:49+08:00 ] 183.14.129.158 /index.php?s=/Page/Index/single/id/about.html
INFO: [ app_init ] --START--
INFO: Run Behavior\BuildLiteBehavior [ RunTime:0.000014s ]
INFO: [ app_init ] --END-- [ RunTime:0.000275s ]
INFO: [ app_begin ] --START--
INFO: Run Behavior\ReadHtmlCacheBehavior [ RunTime:0.000410s ]
SQL: SHOW COLUMNS FROM `v_option` [ RunTime:0.0007s ]
SQL: SELECT `meta_value` FROM `v_option` WHERE `meta_key` = 'EMAIL' AND `type` = 'other' LIMIT 1   [ RunTime:0.0001s ]
SQL: SELECT `meta_value` FROM `v_option` WHERE `lang` = 'zh' AND `meta_key` = 'MOBILE' AND `type` = 'other' LIMIT 1   [ RunTime:0.0001s ]
SQL: SELECT `meta_value` FROM `v_option` WHERE `meta_key` = 'PHONE' AND `type` = 'other' LIMIT 1   [ RunTime:0.0001s ]
SQL: SELECT `meta_value` FROM `v_option` WHERE `lang` = 'zh' AND `meta_key` = 'ABOUT' AND `type` = 'index' LIMIT 1   [ RunTime:0.0001s ]
INFO: Run Behavior\CheckLangBehavior [ RunTime:0.009959s ]
INFO: [ app_begin ] --END-- [ RunTime:0.010481s ]
SQL: SHOW COLUMNS FROM `v_page` [ RunTime:0.0005s ]
SQL: SELECT * FROM `v_page` WHERE (  callcode='about' ) AND `lang` = 'zh' LIMIT 1   [ RunTime:0.0001s ]
SQL: SELECT * FROM `v_page` WHERE `sub_id` = '13' LIMIT 1   [ RunTime:0.0001s ]
SQL: SELECT * FROM `v_page` WHERE (  id='19' ) AND `lang` = 'zh'  [ RunTime:0.0001s ]
SQL: SELECT * FROM `v_page` WHERE `lang` = 'zh' AND `id` = 19  [ RunTime:0.0001s ]
SQL: SELECT * FROM `v_page` WHERE `lang` = 'zh' AND ( sub_id='13' OR id = '13' )  [ RunTime:0.0001s ]
SQL: SELECT `meta_value` FROM `v_option` WHERE (  meta_key='site_name' ) AND `lang` = 'zh' LIMIT 1   [ RunTime:0.0001s ]
SQL: SELECT * FROM `v_option` WHERE `meta_key` = 'meta' AND `lang` = 'zh'  [ RunTime:0.0001s ]
SQL: SELECT `meta_value` FROM `v_option` WHERE ( meta_key='site_url' ) LIMIT 1   [ RunTime:0.0001s ]
SQL: SELECT `meta_value` FROM `v_option` WHERE ( meta_key='site_url' ) LIMIT 1   [ RunTime:0.0001s ]
SQL: SELECT `meta_value` FROM `v_option` WHERE ( meta_key='site_url' ) LIMIT 1   [ RunTime:0.0001s ]
SQL: SELECT `meta_value` FROM `v_option` WHERE ( meta_key='site_url' ) LIMIT 1   [ RunTime:0.0001s ]
SQL: SELECT `meta_value` FROM `v_option` WHERE ( meta_key='site_url' ) LIMIT 1   [ RunTime:0.0001s ]
SQL: SELECT `meta_value` FROM `v_option` WHERE ( meta_key='site_url' ) LIMIT 1   [ RunTime:0.0001s ]
SQL: SELECT `meta_value` FROM `v_option` WHERE ( meta_key='site_url' ) LIMIT 1   [ RunTime:0.0001s ]
SQL: SELECT `meta_value` FROM `v_option` WHERE ( meta_key='site_url' ) LIMIT 1   [ RunTime:0.0001s ]
SQL: SHOW COLUMNS FROM `v_product_category` [ RunTime:0.0008s ]
SQL: SELECT * FROM `v_product_category` WHERE `lang` = 'zh'  [ RunTime:0.0001s ]
SQL: SHOW COLUMNS FROM `v_article_category` [ RunTime:0.0004s ]
SQL: SELECT * FROM `v_article_category` WHERE `lang` = 'zh'  [ RunTime:0.0001s ]
SQL: SELECT `meta_value` FROM `v_option` WHERE `meta_key` = 'QQ' AND `type` = 'other' LIMIT 1   [ RunTime:0.0001s ]
SQL: SELECT `meta_value` FROM `v_option` WHERE ( meta_key='site_url' ) LIMIT 1   [ RunTime:0.0001s ]
SQL: SELECT `meta_value` FROM `v_option` WHERE ( meta_key='site_url' ) LIMIT 1   [ RunTime:0.0001s ]
SQL: SELECT `meta_value` FROM `v_option` WHERE ( meta_key='site_url' ) LIMIT 1   [ RunTime:0.0001s ]
SQL: SELECT `id` FROM `v_page` WHERE `lang` = 'zh' AND `callcode` = 'support' LIMIT 1   [ RunTime:0.0001s ]
SQL: SELECT * FROM `v_page` WHERE `lang` = 'zh' AND `sub_id` = '11'  [ RunTime:0.0002s ]
SQL: SELECT `id` FROM `v_page` WHERE `lang` = 'zh' AND `callcode` = 'channel' LIMIT 1   [ RunTime:0.0001s ]
SQL: SELECT * FROM `v_page` WHERE `lang` = 'zh' AND `sub_id` = '10'  [ RunTime:0.0001s ]
SQL: SELECT `id` FROM `v_page` WHERE `lang` = 'zh' AND `callcode` = 'about' LIMIT 1   [ RunTime:0.0001s ]
SQL: SELECT * FROM `v_page` WHERE `lang` = 'zh' AND `sub_id` = '13'  [ RunTime:0.0001s ]
SQL: SELECT `meta_value` FROM `v_option` WHERE ( meta_key='site_url' ) LIMIT 1   [ RunTime:0.0001s ]
SQL: SELECT `meta_value` FROM `v_option` WHERE ( meta_key='site_url' ) LIMIT 1   [ RunTime:0.0001s ]
SQL: SELECT `meta_value` FROM `v_option` WHERE ( meta_key='site_url' ) LIMIT 1   [ RunTime:0.0001s ]
INFO: [ view_filter ] --START--
INFO: Run Behavior\WriteHtmlCacheBehavior [ RunTime:0.000167s ]
INFO: [ view_filter ] --END-- [ RunTime:0.000222s ]
NOTIC: [8] Undefined index: path /home/xiongjiang/www/Theme/default/Public/Crumb.php 第 17 行.
INFO: [ view_filter ] --START--
INFO: Run Behavior\WriteHtmlCacheBehavior [ RunTime:0.000011s ]
INFO: [ view_filter ] --END-- [ RunTime:-0.000318s ]
SQL: SELECT `meta_value` FROM `v_option` WHERE ( meta_key='site_url' ) LIMIT 1   [ RunTime:0.0001s ]
INFO: [ view_filter ] --START--
INFO: Run Behavior\WriteHtmlCacheBehavior [ RunTime:0.000011s ]
INFO: [ view_filter ] --END-- [ RunTime:-0.001037s ]
SQL: SELECT `meta_value` FROM `v_option` WHERE ( meta_key='site_url' ) LIMIT 1   [ RunTime:0.0001s ]
INFO: [ view_filter ] --START--
INFO: Run Behavior\WriteHtmlCacheBehavior [ RunTime:0.000012s ]
INFO: [ view_filter ] --END-- [ RunTime:-0.001753s ]
INFO: [ view_filter ] --START--
INFO: Run Behavior\WriteHtmlCacheBehavior [ RunTime:0.000010s ]
INFO: [ view_filter ] --END-- [ RunTime:-0.001853s ]
INFO: [ app_end ] --START--
INFO: Run Behavior\ShowPageTraceBehavior [ RunTime:0.000349s ]
INFO: [ app_end ] --END-- [ RunTime:0.000411s ]

[ 2015-05-29T18:56:51+08:00 ] 183.14.129.158 /index.php?s=/Page/Index/single/id/download.html
INFO: [ app_init ] --START--
INFO: Run Behavior\BuildLiteBehavior [ RunTime:0.000019s ]
INFO: [ app_init ] --END-- [ RunTime:0.000304s ]
INFO: [ app_begin ] --START--
INFO: Run Behavior\ReadHtmlCacheBehavior [ RunTime:0.000505s ]
SQL: SHOW COLUMNS FROM `v_option` [ RunTime:0.0007s ]
SQL: SELECT `meta_value` FROM `v_option` WHERE `meta_key` = 'EMAIL' AND `type` = 'other' LIMIT 1   [ RunTime:0.0001s ]
SQL: SELECT `meta_value` FROM `v_option` WHERE `lang` = 'zh' AND `meta_key` = 'MOBILE' AND `type` = 'other' LIMIT 1   [ RunTime:0.0001s ]
SQL: SELECT `meta_value` FROM `v_option` WHERE `meta_key` = 'PHONE' AND `type` = 'other' LIMIT 1   [ RunTime:0.0001s ]
SQL: SELECT `meta_value` FROM `v_option` WHERE `lang` = 'zh' AND `meta_key` = 'ABOUT' AND `type` = 'index' LIMIT 1   [ RunTime:0.0001s ]
INFO: Run Behavior\CheckLangBehavior [ RunTime:0.009616s ]
INFO: [ app_begin ] --END-- [ RunTime:0.010229s ]
SQL: SHOW COLUMNS FROM `v_page` [ RunTime:0.0005s ]
SQL: SELECT * FROM `v_page` WHERE (  callcode='download' ) AND `lang` = 'zh' LIMIT 1   [ RunTime:0.0001s ]
SQL: SELECT * FROM `v_page` WHERE `sub_id` = '15' LIMIT 1   [ RunTime:0.0001s ]
SQL: SELECT * FROM `v_page` WHERE (  id='35' ) AND `lang` = 'zh'  [ RunTime:0.0001s ]
SQL: SELECT * FROM `v_page` WHERE `lang` = 'zh' AND `id` = 35  [ RunTime:0.0001s ]
SQL: SELECT * FROM `v_page` WHERE `lang` = 'zh' AND ( sub_id='15' OR id = '15' )  [ RunTime:0.0001s ]
SQL: SELECT `meta_value` FROM `v_option` WHERE (  meta_key='site_name' ) AND `lang` = 'zh' LIMIT 1   [ RunTime:0.0001s ]
SQL: SELECT * FROM `v_option` WHERE `meta_key` = 'meta' AND `lang` = 'zh'  [ RunTime:0.0001s ]
SQL: SELECT `meta_value` FROM `v_option` WHERE ( meta_key='site_url' ) LIMIT 1   [ RunTime:0.0001s ]
SQL: SELECT `meta_value` FROM `v_option` WHERE ( meta_key='site_url' ) LIMIT 1   [ RunTime:0.0001s ]
SQL: SELECT `meta_value` FROM `v_option` WHERE ( meta_key='site_url' ) LIMIT 1   [ RunTime:0.0001s ]
SQL: SELECT `meta_value` FROM `v_option` WHERE ( meta_key='site_url' ) LIMIT 1   [ RunTime:0.0001s ]
SQL: SELECT `meta_value` FROM `v_option` WHERE ( meta_key='site_url' ) LIMIT 1   [ RunTime:0.0001s ]
SQL: SELECT `meta_value` FROM `v_option` WHERE ( meta_key='site_url' ) LIMIT 1   [ RunTime:0.0001s ]
SQL: SELECT `meta_value` FROM `v_option` WHERE ( meta_key='site_url' ) LIMIT 1   [ RunTime:0.0001s ]
SQL: SELECT `meta_value` FROM `v_option` WHERE ( meta_key='site_url' ) LIMIT 1   [ RunTime:0.0001s ]
SQL: SHOW COLUMNS FROM `v_product_category` [ RunTime:0.0005s ]
SQL: SELECT * FROM `v_product_category` WHERE `lang` = 'zh'  [ RunTime:0.0001s ]
SQL: SHOW COLUMNS FROM `v_article_category` [ RunTime:0.0005s ]
SQL: SELECT * FROM `v_article_category` WHERE `lang` = 'zh'  [ RunTime:0.0001s ]
SQL: SELECT `meta_value` FROM `v_option` WHERE `meta_key` = 'QQ' AND `type` = 'other' LIMIT 1   [ RunTime:0.0001s ]
SQL: SELECT `meta_value` FROM `v_option` WHERE ( meta_key='site_url' ) LIMIT 1   [ RunTime:0.0001s ]
SQL: SELECT `meta_value` FROM `v_option` WHERE ( meta_key='site_url' ) LIMIT 1   [ RunTime:0.0001s ]
SQL: SELECT `meta_value` FROM `v_option` WHERE ( meta_key='site_url' ) LIMIT 1   [ RunTime:0.0001s ]
SQL: SELECT `id` FROM `v_page` WHERE `lang` = 'zh' AND `callcode` = 'support' LIMIT 1   [ RunTime:0.0001s ]
SQL: SELECT * FROM `v_page` WHERE `lang` = 'zh' AND `sub_id` = '11'  [ RunTime:0.0002s ]
SQL: SELECT `id` FROM `v_page` WHERE `lang` = 'zh' AND `callcode` = 'channel' LIMIT 1   [ RunTime:0.0001s ]
SQL: SELECT * FROM `v_page` WHERE `lang` = 'zh' AND `sub_id` = '10'  [ RunTime:0.0001s ]
SQL: SELECT `id` FROM `v_page` WHERE `lang` = 'zh' AND `callcode` = 'about' LIMIT 1   [ RunTime:0.0001s ]
SQL: SELECT * FROM `v_page` WHERE `lang` = 'zh' AND `sub_id` = '13'  [ RunTime:0.0001s ]
SQL: SELECT `meta_value` FROM `v_option` WHERE ( meta_key='site_url' ) LIMIT 1   [ RunTime:0.0001s ]
SQL: SELECT `meta_value` FROM `v_option` WHERE ( meta_key='site_url' ) LIMIT 1   [ RunTime:0.0001s ]
SQL: SELECT `meta_value` FROM `v_option` WHERE ( meta_key='site_url' ) LIMIT 1   [ RunTime:0.0001s ]
INFO: [ view_filter ] --START--
INFO: Run Behavior\WriteHtmlCacheBehavior [ RunTime:0.000147s ]
INFO: [ view_filter ] --END-- [ RunTime:0.000201s ]
NOTIC: [8] Undefined index: path /home/xiongjiang/www/Theme/default/Public/Crumb.php 第 17 行.
INFO: [ view_filter ] --START--
INFO: Run Behavior\WriteHtmlCacheBehavior [ RunTime:0.000012s ]
INFO: [ view_filter ] --END-- [ RunTime:-0.000342s ]
SQL: SELECT `meta_value` FROM `v_option` WHERE ( meta_key='site_url' ) LIMIT 1   [ RunTime:0.0001s ]
INFO: [ view_filter ] --START--
INFO: Run Behavior\WriteHtmlCacheBehavior [ RunTime:0.000010s ]
INFO: [ view_filter ] --END-- [ RunTime:-0.001004s ]
SQL: SELECT `meta_value` FROM `v_option` WHERE ( meta_key='site_url' ) LIMIT 1   [ RunTime:0.0001s ]
INFO: [ view_filter ] --START--
INFO: Run Behavior\WriteHtmlCacheBehavior [ RunTime:0.000011s ]
INFO: [ view_filter ] --END-- [ RunTime:-0.001690s ]
INFO: [ view_filter ] --START--
INFO: Run Behavior\WriteHtmlCacheBehavior [ RunTime:0.000010s ]
INFO: [ view_filter ] --END-- [ RunTime:-0.001794s ]
INFO: [ app_end ] --START--
INFO: Run Behavior\ShowPageTraceBehavior [ RunTime:0.000364s ]
INFO: [ app_end ] --END-- [ RunTime:0.000427s ]

[ 2015-05-29T18:56:58+08:00 ] 183.14.129.158 /index.php?s=/Page/Index/single/id/35/s/download.html
INFO: [ app_init ] --START--
INFO: Run Behavior\BuildLiteBehavior [ RunTime:0.000015s ]
INFO: [ app_init ] --END-- [ RunTime:0.000289s ]
INFO: [ app_begin ] --START--
INFO: Run Behavior\ReadHtmlCacheBehavior [ RunTime:0.000351s ]
SQL: SHOW COLUMNS FROM `v_option` [ RunTime:0.0007s ]
SQL: SELECT `meta_value` FROM `v_option` WHERE `meta_key` = 'EMAIL' AND `type` = 'other' LIMIT 1   [ RunTime:0.0001s ]
SQL: SELECT `meta_value` FROM `v_option` WHERE `lang` = 'zh' AND `meta_key` = 'MOBILE' AND `type` = 'other' LIMIT 1   [ RunTime:0.0001s ]
SQL: SELECT `meta_value` FROM `v_option` WHERE `meta_key` = 'PHONE' AND `type` = 'other' LIMIT 1   [ RunTime:0.0001s ]
SQL: SELECT `meta_value` FROM `v_option` WHERE `lang` = 'zh' AND `meta_key` = 'ABOUT' AND `type` = 'index' LIMIT 1   [ RunTime:0.0001s ]
INFO: Run Behavior\CheckLangBehavior [ RunTime:0.008571s ]
INFO: [ app_begin ] --END-- [ RunTime:0.009011s ]
SQL: SHOW COLUMNS FROM `v_page` [ RunTime:0.0005s ]
SQL: SELECT * FROM `v_page` WHERE (  id='35' ) AND `lang` = 'zh'  [ RunTime:0.0001s ]
SQL: SELECT * FROM `v_page` WHERE `lang` = 'zh' AND `id` = 35  [ RunTime:0.0001s ]
SQL: SELECT * FROM `v_page` WHERE `lang` = 'zh' AND ( sub_id='15' OR id = '15' )  [ RunTime:0.0001s ]
SQL: SELECT `meta_value` FROM `v_option` WHERE (  meta_key='site_name' ) AND `lang` = 'zh' LIMIT 1   [ RunTime:0.0001s ]
SQL: SELECT * FROM `v_option` WHERE `meta_key` = 'meta' AND `lang` = 'zh'  [ RunTime:0.0001s ]
SQL: SELECT `meta_value` FROM `v_option` WHERE ( meta_key='site_url' ) LIMIT 1   [ RunTime:0.0001s ]
SQL: SELECT `meta_value` FROM `v_option` WHERE ( meta_key='site_url' ) LIMIT 1   [ RunTime:0.0001s ]
SQL: SELECT `meta_value` FROM `v_option` WHERE ( meta_key='site_url' ) LIMIT 1   [ RunTime:0.0001s ]
SQL: SELECT `meta_value` FROM `v_option` WHERE ( meta_key='site_url' ) LIMIT 1   [ RunTime:0.0001s ]
SQL: SELECT `meta_value` FROM `v_option` WHERE ( meta_key='site_url' ) LIMIT 1   [ RunTime:0.0001s ]
SQL: SELECT `meta_value` FROM `v_option` WHERE ( meta_key='site_url' ) LIMIT 1   [ RunTime:0.0001s ]
SQL: SELECT `meta_value` FROM `v_option` WHERE ( meta_key='site_url' ) LIMIT 1   [ RunTime:0.0001s ]
SQL: SELECT `meta_value` FROM `v_option` WHERE ( meta_key='site_url' ) LIMIT 1   [ RunTime:0.0001s ]
SQL: SHOW COLUMNS FROM `v_product_category` [ RunTime:0.0005s ]
SQL: SELECT * FROM `v_product_category` WHERE `lang` = 'zh'  [ RunTime:0.0001s ]
SQL: SHOW COLUMNS FROM `v_article_category` [ RunTime:0.0004s ]
SQL: SELECT * FROM `v_article_category` WHERE `lang` = 'zh'  [ RunTime:0.0001s ]
SQL: SELECT `meta_value` FROM `v_option` WHERE `meta_key` = 'QQ' AND `type` = 'other' LIMIT 1   [ RunTime:0.0001s ]
SQL: SELECT `meta_value` FROM `v_option` WHERE ( meta_key='site_url' ) LIMIT 1   [ RunTime:0.0001s ]
SQL: SELECT `meta_value` FROM `v_option` WHERE ( meta_key='site_url' ) LIMIT 1   [ RunTime:0.0001s ]
SQL: SELECT `meta_value` FROM `v_option` WHERE ( meta_key='site_url' ) LIMIT 1   [ RunTime:0.0001s ]
SQL: SELECT `id` FROM `v_page` WHERE `lang` = 'zh' AND `callcode` = 'support' LIMIT 1   [ RunTime:0.0001s ]
SQL: SELECT * FROM `v_page` WHERE `lang` = 'zh' AND `sub_id` = '11'  [ RunTime:0.0002s ]
SQL: SELECT `id` FROM `v_page` WHERE `lang` = 'zh' AND `callcode` = 'channel' LIMIT 1   [ RunTime:0.0001s ]
SQL: SELECT * FROM `v_page` WHERE `lang` = 'zh' AND `sub_id` = '10'  [ RunTime:0.0001s ]
SQL: SELECT `id` FROM `v_page` WHERE `lang` = 'zh' AND `callcode` = 'about' LIMIT 1   [ RunTime:0.0001s ]
SQL: SELECT * FROM `v_page` WHERE `lang` = 'zh' AND `sub_id` = '13'  [ RunTime:0.0001s ]
SQL: SELECT `meta_value` FROM `v_option` WHERE ( meta_key='site_url' ) LIMIT 1   [ RunTime:0.0001s ]
SQL: SELECT `meta_value` FROM `v_option` WHERE ( meta_key='site_url' ) LIMIT 1   [ RunTime:0.0001s ]
SQL: SELECT `meta_value` FROM `v_option` WHERE ( meta_key='site_url' ) LIMIT 1   [ RunTime:0.0001s ]
INFO: [ view_filter ] --START--
INFO: Run Behavior\WriteHtmlCacheBehavior [ RunTime:0.000212s ]
INFO: [ view_filter ] --END-- [ RunTime:0.000285s ]
NOTIC: [8] Undefined index: path /home/xiongjiang/www/Theme/default/Public/Crumb.php 第 17 行.
INFO: [ view_filter ] --START--
INFO: Run Behavior\WriteHtmlCacheBehavior [ RunTime:0.000011s ]
INFO: [ view_filter ] --END-- [ RunTime:-0.000376s ]
SQL: SELECT `meta_value` FROM `v_option` WHERE ( meta_key='site_url' ) LIMIT 1   [ RunTime:0.0001s ]
INFO: [ view_filter ] --START--
INFO: Run Behavior\WriteHtmlCacheBehavior [ RunTime:0.000019s ]
INFO: [ view_filter ] --END-- [ RunTime:-0.001082s ]
SQL: SELECT `meta_value` FROM `v_option` WHERE ( meta_key='site_url' ) LIMIT 1   [ RunTime:0.0001s ]
INFO: [ view_filter ] --START--
INFO: Run Behavior\WriteHtmlCacheBehavior [ RunTime:0.000011s ]
INFO: [ view_filter ] --END-- [ RunTime:-0.001839s ]
INFO: [ view_filter ] --START--
INFO: Run Behavior\WriteHtmlCacheBehavior [ RunTime:0.000010s ]
INFO: [ view_filter ] --END-- [ RunTime:-0.001950s ]
INFO: [ app_end ] --START--
INFO: Run Behavior\ShowPageTraceBehavior [ RunTime:0.000355s ]
INFO: [ app_end ] --END-- [ RunTime:0.000414s ]

[ 2015-05-29T19:09:55+08:00 ] 180.153.214.189 /index.php?s=/Page/Index/single/id/35/s/download.html
INFO: [ app_init ] --START--
INFO: Run Behavior\BuildLiteBehavior [ RunTime:0.000017s ]
INFO: [ app_init ] --END-- [ RunTime:0.000278s ]
INFO: [ app_begin ] --START--
INFO: Run Behavior\ReadHtmlCacheBehavior [ RunTime:0.000328s ]
SQL: SHOW COLUMNS FROM `v_option` [ RunTime:0.0007s ]
SQL: SELECT `meta_value` FROM `v_option` WHERE `meta_key` = 'EMAIL' AND `type` = 'other' LIMIT 1   [ RunTime:0.0001s ]
SQL: SELECT `meta_value` FROM `v_option` WHERE `lang` = 'zh' AND `meta_key` = 'MOBILE' AND `type` = 'other' LIMIT 1   [ RunTime:0.0001s ]
SQL: SELECT `meta_value` FROM `v_option` WHERE `meta_key` = 'PHONE' AND `type` = 'other' LIMIT 1   [ RunTime:0.0001s ]
SQL: SELECT `meta_value` FROM `v_option` WHERE `lang` = 'zh' AND `meta_key` = 'ABOUT' AND `type` = 'index' LIMIT 1   [ RunTime:0.0001s ]
INFO: Run Behavior\CheckLangBehavior [ RunTime:0.008967s ]
INFO: [ app_begin ] --END-- [ RunTime:0.009388s ]
SQL: SHOW COLUMNS FROM `v_page` [ RunTime:0.0005s ]
SQL: SELECT * FROM `v_page` WHERE (  id='35' ) AND `lang` = 'zh'  [ RunTime:0.0001s ]
SQL: SELECT * FROM `v_page` WHERE `lang` = 'zh' AND `id` = 35  [ RunTime:0.0001s ]
SQL: SELECT * FROM `v_page` WHERE `lang` = 'zh' AND ( sub_id='15' OR id = '15' )  [ RunTime:0.0001s ]
SQL: SELECT `meta_value` FROM `v_option` WHERE (  meta_key='site_name' ) AND `lang` = 'zh' LIMIT 1   [ RunTime:0.0001s ]
SQL: SELECT * FROM `v_option` WHERE `meta_key` = 'meta' AND `lang` = 'zh'  [ RunTime:0.0001s ]
SQL: SELECT `meta_value` FROM `v_option` WHERE ( meta_key='site_url' ) LIMIT 1   [ RunTime:0.0001s ]
SQL: SELECT `meta_value` FROM `v_option` WHERE ( meta_key='site_url' ) LIMIT 1   [ RunTime:0.0001s ]
SQL: SELECT `meta_value` FROM `v_option` WHERE ( meta_key='site_url' ) LIMIT 1   [ RunTime:0.0001s ]
SQL: SELECT `meta_value` FROM `v_option` WHERE ( meta_key='site_url' ) LIMIT 1   [ RunTime:0.0001s ]
SQL: SELECT `meta_value` FROM `v_option` WHERE ( meta_key='site_url' ) LIMIT 1   [ RunTime:0.0001s ]
SQL: SELECT `meta_value` FROM `v_option` WHERE ( meta_key='site_url' ) LIMIT 1   [ RunTime:0.0001s ]
SQL: SELECT `meta_value` FROM `v_option` WHERE ( meta_key='site_url' ) LIMIT 1   [ RunTime:0.0001s ]
SQL: SELECT `meta_value` FROM `v_option` WHERE ( meta_key='site_url' ) LIMIT 1   [ RunTime:0.0001s ]
SQL: SHOW COLUMNS FROM `v_product_category` [ RunTime:0.0004s ]
SQL: SELECT * FROM `v_product_category` WHERE `lang` = 'zh'  [ RunTime:0.0001s ]
SQL: SHOW COLUMNS FROM `v_article_category` [ RunTime:0.0004s ]
SQL: SELECT * FROM `v_article_category` WHERE `lang` = 'zh'  [ RunTime:0.0001s ]
SQL: SELECT `meta_value` FROM `v_option` WHERE `meta_key` = 'QQ' AND `type` = 'other' LIMIT 1   [ RunTime:0.0001s ]
SQL: SELECT `meta_value` FROM `v_option` WHERE ( meta_key='site_url' ) LIMIT 1   [ RunTime:0.0001s ]
SQL: SELECT `meta_value` FROM `v_option` WHERE ( meta_key='site_url' ) LIMIT 1   [ RunTime:0.0001s ]
SQL: SELECT `meta_value` FROM `v_option` WHERE ( meta_key='site_url' ) LIMIT 1   [ RunTime:0.0001s ]
SQL: SELECT `id` FROM `v_page` WHERE `lang` = 'zh' AND `callcode` = 'support' LIMIT 1   [ RunTime:0.0001s ]
SQL: SELECT * FROM `v_page` WHERE `lang` = 'zh' AND `sub_id` = '11'  [ RunTime:0.0002s ]
SQL: SELECT `id` FROM `v_page` WHERE `lang` = 'zh' AND `callcode` = 'channel' LIMIT 1   [ RunTime:0.0001s ]
SQL: SELECT * FROM `v_page` WHERE `lang` = 'zh' AND `sub_id` = '10'  [ RunTime:0.0001s ]
SQL: SELECT `id` FROM `v_page` WHERE `lang` = 'zh' AND `callcode` = 'about' LIMIT 1   [ RunTime:0.0001s ]
SQL: SELECT * FROM `v_page` WHERE `lang` = 'zh' AND `sub_id` = '13'  [ RunTime:0.0001s ]
SQL: SELECT `meta_value` FROM `v_option` WHERE ( meta_key='site_url' ) LIMIT 1   [ RunTime:0.0001s ]
SQL: SELECT `meta_value` FROM `v_option` WHERE ( meta_key='site_url' ) LIMIT 1   [ RunTime:0.0001s ]
SQL: SELECT `meta_value` FROM `v_option` WHERE ( meta_key='site_url' ) LIMIT 1   [ RunTime:0.0001s ]
INFO: [ view_filter ] --START--
INFO: Run Behavior\WriteHtmlCacheBehavior [ RunTime:0.000129s ]
INFO: [ view_filter ] --END-- [ RunTime:0.000185s ]
NOTIC: [8] Undefined index: path /home/xiongjiang/www/Theme/default/Public/Crumb.php 第 17 行.
INFO: [ view_filter ] --START--
INFO: Run Behavior\WriteHtmlCacheBehavior [ RunTime:0.000011s ]
INFO: [ view_filter ] --END-- [ RunTime:-0.000310s ]
SQL: SELECT `meta_value` FROM `v_option` WHERE ( meta_key='site_url' ) LIMIT 1   [ RunTime:0.0001s ]
INFO: [ view_filter ] --START--
INFO: Run Behavior\WriteHtmlCacheBehavior [ RunTime:0.000011s ]
INFO: [ view_filter ] --END-- [ RunTime:-0.000965s ]
SQL: SELECT `meta_value` FROM `v_option` WHERE ( meta_key='site_url' ) LIMIT 1   [ RunTime:0.0001s ]
INFO: [ view_filter ] --START--
INFO: Run Behavior\WriteHtmlCacheBehavior [ RunTime:0.000011s ]
INFO: [ view_filter ] --END-- [ RunTime:-0.001638s ]
INFO: [ view_filter ] --START--
INFO: Run Behavior\WriteHtmlCacheBehavior [ RunTime:0.000010s ]
INFO: [ view_filter ] --END-- [ RunTime:-0.001739s ]
INFO: [ app_end ] --START--
INFO: Run Behavior\ShowPageTraceBehavior [ RunTime:0.000377s ]
INFO: [ app_end ] --END-- [ RunTime:0.000442s ]

[ 2015-05-29T19:09:57+08:00 ] 101.226.33.226 /index.php?s=/Page/Index/single/id/download.html
INFO: [ app_init ] --START--
INFO: Run Behavior\BuildLiteBehavior [ RunTime:0.000014s ]
INFO: [ app_init ] --END-- [ RunTime:0.000267s ]
INFO: [ app_begin ] --START--
INFO: Run Behavior\ReadHtmlCacheBehavior [ RunTime:0.000330s ]
SQL: SHOW COLUMNS FROM `v_option` [ RunTime:0.0007s ]
SQL: SELECT `meta_value` FROM `v_option` WHERE `meta_key` = 'EMAIL' AND `type` = 'other' LIMIT 1   [ RunTime:0.0001s ]
SQL: SELECT `meta_value` FROM `v_option` WHERE `lang` = 'zh' AND `meta_key` = 'MOBILE' AND `type` = 'other' LIMIT 1   [ RunTime:0.0001s ]
SQL: SELECT `meta_value` FROM `v_option` WHERE `meta_key` = 'PHONE' AND `type` = 'other' LIMIT 1   [ RunTime:0.0001s ]
SQL: SELECT `meta_value` FROM `v_option` WHERE `lang` = 'zh' AND `meta_key` = 'ABOUT' AND `type` = 'index' LIMIT 1   [ RunTime:0.0001s ]
INFO: Run Behavior\CheckLangBehavior [ RunTime:0.008555s ]
INFO: [ app_begin ] --END-- [ RunTime:0.008974s ]
SQL: SHOW COLUMNS FROM `v_page` [ RunTime:0.0005s ]
SQL: SELECT * FROM `v_page` WHERE (  callcode='download' ) AND `lang` = 'zh' LIMIT 1   [ RunTime:0.0001s ]
SQL: SELECT * FROM `v_page` WHERE `sub_id` = '15' LIMIT 1   [ RunTime:0.0001s ]
SQL: SELECT * FROM `v_page` WHERE (  id='35' ) AND `lang` = 'zh'  [ RunTime:0.0001s ]
SQL: SELECT * FROM `v_page` WHERE `lang` = 'zh' AND `id` = 35  [ RunTime:0.0001s ]
SQL: SELECT * FROM `v_page` WHERE `lang` = 'zh' AND ( sub_id='15' OR id = '15' )  [ RunTime:0.0001s ]
SQL: SELECT `meta_value` FROM `v_option` WHERE (  meta_key='site_name' ) AND `lang` = 'zh' LIMIT 1   [ RunTime:0.0001s ]
SQL: SELECT * FROM `v_option` WHERE `meta_key` = 'meta' AND `lang` = 'zh'  [ RunTime:0.0001s ]
SQL: SELECT `meta_value` FROM `v_option` WHERE ( meta_key='site_url' ) LIMIT 1   [ RunTime:0.0001s ]
SQL: SELECT `meta_value` FROM `v_option` WHERE ( meta_key='site_url' ) LIMIT 1   [ RunTime:0.0001s ]
SQL: SELECT `meta_value` FROM `v_option` WHERE ( meta_key='site_url' ) LIMIT 1   [ RunTime:0.0001s ]
SQL: SELECT `meta_value` FROM `v_option` WHERE ( meta_key='site_url' ) LIMIT 1   [ RunTime:0.0001s ]
SQL: SELECT `meta_value` FROM `v_option` WHERE ( meta_key='site_url' ) LIMIT 1   [ RunTime:0.0001s ]
SQL: SELECT `meta_value` FROM `v_option` WHERE ( meta_key='site_url' ) LIMIT 1   [ RunTime:0.0001s ]
SQL: SELECT `meta_value` FROM `v_option` WHERE ( meta_key='site_url' ) LIMIT 1   [ RunTime:0.0001s ]
SQL: SELECT `meta_value` FROM `v_option` WHERE ( meta_key='site_url' ) LIMIT 1   [ RunTime:0.0001s ]
SQL: SHOW COLUMNS FROM `v_product_category` [ RunTime:0.0004s ]
SQL: SELECT * FROM `v_product_category` WHERE `lang` = 'zh'  [ RunTime:0.0001s ]
SQL: SHOW COLUMNS FROM `v_article_category` [ RunTime:0.0004s ]
SQL: SELECT * FROM `v_article_category` WHERE `lang` = 'zh'  [ RunTime:0.0001s ]
SQL: SELECT `meta_value` FROM `v_option` WHERE `meta_key` = 'QQ' AND `type` = 'other' LIMIT 1   [ RunTime:0.0001s ]
SQL: SELECT `meta_value` FROM `v_option` WHERE ( meta_key='site_url' ) LIMIT 1   [ RunTime:0.0001s ]
SQL: SELECT `meta_value` FROM `v_option` WHERE ( meta_key='site_url' ) LIMIT 1   [ RunTime:0.0001s ]
SQL: SELECT `meta_value` FROM `v_option` WHERE ( meta_key='site_url' ) LIMIT 1   [ RunTime:0.0001s ]
SQL: SELECT `id` FROM `v_page` WHERE `lang` = 'zh' AND `callcode` = 'support' LIMIT 1   [ RunTime:0.0001s ]
SQL: SELECT * FROM `v_page` WHERE `lang` = 'zh' AND `sub_id` = '11'  [ RunTime:0.0002s ]
SQL: SELECT `id` FROM `v_page` WHERE `lang` = 'zh' AND `callcode` = 'channel' LIMIT 1   [ RunTime:0.0001s ]
SQL: SELECT * FROM `v_page` WHERE `lang` = 'zh' AND `sub_id` = '10'  [ RunTime:0.0001s ]
SQL: SELECT `id` FROM `v_page` WHERE `lang` = 'zh' AND `callcode` = 'about' LIMIT 1   [ RunTime:0.0001s ]
SQL: SELECT * FROM `v_page` WHERE `lang` = 'zh' AND `sub_id` = '13'  [ RunTime:0.0001s ]
SQL: SELECT `meta_value` FROM `v_option` WHERE ( meta_key='site_url' ) LIMIT 1   [ RunTime:0.0001s ]
SQL: SELECT `meta_value` FROM `v_option` WHERE ( meta_key='site_url' ) LIMIT 1   [ RunTime:0.0001s ]
SQL: SELECT `meta_value` FROM `v_option` WHERE ( meta_key='site_url' ) LIMIT 1   [ RunTime:0.0001s ]
INFO: [ view_filter ] --START--
INFO: Run Behavior\WriteHtmlCacheBehavior [ RunTime:0.000139s ]
INFO: [ view_filter ] --END-- [ RunTime:0.000193s ]
NOTIC: [8] Undefined index: path /home/xiongjiang/www/Theme/default/Public/Crumb.php 第 17 行.
INFO: [ view_filter ] --START--
INFO: Run Behavior\WriteHtmlCacheBehavior [ RunTime:0.000011s ]
INFO: [ view_filter ] --END-- [ RunTime:-0.000305s ]
SQL: SELECT `meta_value` FROM `v_option` WHERE ( meta_key='site_url' ) LIMIT 1   [ RunTime:0.0001s ]
INFO: [ view_filter ] --START--
INFO: Run Behavior\WriteHtmlCacheBehavior [ RunTime:0.000011s ]
INFO: [ view_filter ] --END-- [ RunTime:-0.000945s ]
SQL: SELECT `meta_value` FROM `v_option` WHERE ( meta_key='site_url' ) LIMIT 1   [ RunTime:0.0001s ]
INFO: [ view_filter ] --START--
INFO: Run Behavior\WriteHtmlCacheBehavior [ RunTime:0.000011s ]
INFO: [ view_filter ] --END-- [ RunTime:-0.001623s ]
INFO: [ view_filter ] --START--
INFO: Run Behavior\WriteHtmlCacheBehavior [ RunTime:0.000010s ]
INFO: [ view_filter ] --END-- [ RunTime:-0.001725s ]
INFO: [ app_end ] --START--
INFO: Run Behavior\ShowPageTraceBehavior [ RunTime:0.000348s ]
INFO: [ app_end ] --END-- [ RunTime:0.000409s ]

